2022-08-12 16:07:13.841 ERROR 71489 --- [main] o.s.b.l.LoggingApplicationListener       : Cannot set level: ${level} for 'com.conygre.spring.boot.rest'
2022-08-12 16:07:13.915  INFO 71489 --- [main] org.finalproject.spring.boot.AppConfig   : Starting AppConfig on MacBook-Pro.local with PID 71489 (/Users/kemalkongar/trainingproject/Miss2TrainingProject/target/classes started by kemalkongar in /Users/kemalkongar/trainingproject/Miss2TrainingProject)
2022-08-12 16:07:13.915  INFO 71489 --- [main] org.finalproject.spring.boot.AppConfig   : No active profile set, falling back to default profiles: default
2022-08-12 16:07:14.121  INFO 71489 --- [main] ationConfigEmbeddedWebApplicationContext : Refreshing org.springframework.boot.context.embedded.AnnotationConfigEmbeddedWebApplicationContext@4716be8b: startup date [Fri Aug 12 16:07:14 EDT 2022]; root of context hierarchy
2022-08-12 16:07:15.244  INFO 71489 --- [main] trationDelegate$BeanPostProcessorChecker : Bean 'org.springframework.transaction.annotation.ProxyTransactionManagementConfiguration' of type [class org.springframework.transaction.annotation.ProxyTransactionManagementConfiguration$$EnhancerBySpringCGLIB$$b79b5dc6] is not eligible for getting processed by all BeanPostProcessors (for example: not eligible for auto-proxying)
2022-08-12 16:07:15.318  WARN 71489 --- [main] ationConfigEmbeddedWebApplicationContext : Exception encountered during context initialization - cancelling refresh attempt: org.springframework.context.ApplicationContextException: Unable to start embedded container; nested exception is org.springframework.beans.factory.BeanCreationException: Error creating bean with name 'tomcatEmbeddedServletContainerFactory' defined in class path resource [org/springframework/boot/autoconfigure/web/EmbeddedServletContainerAutoConfiguration$EmbeddedTomcat.class]: Initialization of bean failed; nested exception is org.springframework.beans.factory.UnsatisfiedDependencyException: Error creating bean with name 'org.springframework.boot.autoconfigure.web.HttpEncodingAutoConfiguration': Unsatisfied dependency expressed through constructor parameter 0; nested exception is org.springframework.beans.factory.BeanCreationException: Error creating bean with name 'spring.http.encoding-org.springframework.boot.autoconfigure.web.HttpEncodingProperties': Initialization of bean failed; nested exception is java.lang.NoClassDefFoundError: javax/xml/bind/ValidationException
2022-08-12 16:07:15.325 ERROR 71489 --- [main] o.s.boot.SpringApplication               : Application startup failed

org.springframework.context.ApplicationContextException: Unable to start embedded container; nested exception is org.springframework.beans.factory.BeanCreationException: Error creating bean with name 'tomcatEmbeddedServletContainerFactory' defined in class path resource [org/springframework/boot/autoconfigure/web/EmbeddedServletContainerAutoConfiguration$EmbeddedTomcat.class]: Initialization of bean failed; nested exception is org.springframework.beans.factory.UnsatisfiedDependencyException: Error creating bean with name 'org.springframework.boot.autoconfigure.web.HttpEncodingAutoConfiguration': Unsatisfied dependency expressed through constructor parameter 0; nested exception is org.springframework.beans.factory.BeanCreationException: Error creating bean with name 'spring.http.encoding-org.springframework.boot.autoconfigure.web.HttpEncodingProperties': Initialization of bean failed; nested exception is java.lang.NoClassDefFoundError: javax/xml/bind/ValidationException
	at org.springframework.boot.context.embedded.EmbeddedWebApplicationContext.onRefresh(EmbeddedWebApplicationContext.java:137) ~[spring-boot-1.4.1.RELEASE.jar:1.4.1.RELEASE]
	at org.springframework.context.support.AbstractApplicationContext.refresh(AbstractApplicationContext.java:535) ~[spring-context-4.3.3.RELEASE.jar:4.3.3.RELEASE]
	at org.springframework.boot.context.embedded.EmbeddedWebApplicationContext.refresh(EmbeddedWebApplicationContext.java:122) ~[spring-boot-1.4.1.RELEASE.jar:1.4.1.RELEASE]
	at org.springframework.boot.SpringApplication.refresh(SpringApplication.java:761) ~[spring-boot-1.4.1.RELEASE.jar:1.4.1.RELEASE]
	at org.springframework.boot.SpringApplication.refreshContext(SpringApplication.java:371) ~[spring-boot-1.4.1.RELEASE.jar:1.4.1.RELEASE]
	at org.springframework.boot.SpringApplication.run(SpringApplication.java:315) ~[spring-boot-1.4.1.RELEASE.jar:1.4.1.RELEASE]
	at org.springframework.boot.SpringApplication.run(SpringApplication.java:1186) ~[spring-boot-1.4.1.RELEASE.jar:1.4.1.RELEASE]
	at org.springframework.boot.SpringApplication.run(SpringApplication.java:1175) ~[spring-boot-1.4.1.RELEASE.jar:1.4.1.RELEASE]
	at org.finalproject.spring.boot.AppConfig.main(AppConfig.java:13) ~[classes/:na]
Caused by: org.springframework.beans.factory.BeanCreationException: Error creating bean with name 'tomcatEmbeddedServletContainerFactory' defined in class path resource [org/springframework/boot/autoconfigure/web/EmbeddedServletContainerAutoConfiguration$EmbeddedTomcat.class]: Initialization of bean failed; nested exception is org.springframework.beans.factory.UnsatisfiedDependencyException: Error creating bean with name 'org.springframework.boot.autoconfigure.web.HttpEncodingAutoConfiguration': Unsatisfied dependency expressed through constructor parameter 0; nested exception is org.springframework.beans.factory.BeanCreationException: Error creating bean with name 'spring.http.encoding-org.springframework.boot.autoconfigure.web.HttpEncodingProperties': Initialization of bean failed; nested exception is java.lang.NoClassDefFoundError: javax/xml/bind/ValidationException
	at org.springframework.beans.factory.support.AbstractAutowireCapableBeanFactory.doCreateBean(AbstractAutowireCapableBeanFactory.java:553) ~[spring-beans-4.3.3.RELEASE.jar:4.3.3.RELEASE]
	at org.springframework.beans.factory.support.AbstractAutowireCapableBeanFactory.createBean(AbstractAutowireCapableBeanFactory.java:482) ~[spring-beans-4.3.3.RELEASE.jar:4.3.3.RELEASE]
	at org.springframework.beans.factory.support.AbstractBeanFactory$1.getObject(AbstractBeanFactory.java:306) ~[spring-beans-4.3.3.RELEASE.jar:4.3.3.RELEASE]
	at org.springframework.beans.factory.support.DefaultSingletonBeanRegistry.getSingleton(DefaultSingletonBeanRegistry.java:230) ~[spring-beans-4.3.3.RELEASE.jar:4.3.3.RELEASE]
	at org.springframework.beans.factory.support.AbstractBeanFactory.doGetBean(AbstractBeanFactory.java:302) ~[spring-beans-4.3.3.RELEASE.jar:4.3.3.RELEASE]
	at org.springframework.beans.factory.support.AbstractBeanFactory.getBean(AbstractBeanFactory.java:202) ~[spring-beans-4.3.3.RELEASE.jar:4.3.3.RELEASE]
	at org.springframework.boot.context.embedded.EmbeddedWebApplicationContext.getEmbeddedServletContainerFactory(EmbeddedWebApplicationContext.java:199) ~[spring-boot-1.4.1.RELEASE.jar:1.4.1.RELEASE]
	at org.springframework.boot.context.embedded.EmbeddedWebApplicationContext.createEmbeddedServletContainer(EmbeddedWebApplicationContext.java:162) ~[spring-boot-1.4.1.RELEASE.jar:1.4.1.RELEASE]
	at org.springframework.boot.context.embedded.EmbeddedWebApplicationContext.onRefresh(EmbeddedWebApplicationContext.java:134) ~[spring-boot-1.4.1.RELEASE.jar:1.4.1.RELEASE]
	... 8 common frames omitted
Caused by: org.springframework.beans.factory.UnsatisfiedDependencyException: Error creating bean with name 'org.springframework.boot.autoconfigure.web.HttpEncodingAutoConfiguration': Unsatisfied dependency expressed through constructor parameter 0; nested exception is org.springframework.beans.factory.BeanCreationException: Error creating bean with name 'spring.http.encoding-org.springframework.boot.autoconfigure.web.HttpEncodingProperties': Initialization of bean failed; nested exception is java.lang.NoClassDefFoundError: javax/xml/bind/ValidationException
	at org.springframework.beans.factory.support.ConstructorResolver.createArgumentArray(ConstructorResolver.java:749) ~[spring-beans-4.3.3.RELEASE.jar:4.3.3.RELEASE]
	at org.springframework.beans.factory.support.ConstructorResolver.autowireConstructor(ConstructorResolver.java:189) ~[spring-beans-4.3.3.RELEASE.jar:4.3.3.RELEASE]
	at org.springframework.beans.factory.support.AbstractAutowireCapableBeanFactory.autowireConstructor(AbstractAutowireCapableBeanFactory.java:1148) ~[spring-beans-4.3.3.RELEASE.jar:4.3.3.RELEASE]
	at org.springframework.beans.factory.support.AbstractAutowireCapableBeanFactory.createBeanInstance(AbstractAutowireCapableBeanFactory.java:1051) ~[spring-beans-4.3.3.RELEASE.jar:4.3.3.RELEASE]
	at org.springframework.beans.factory.support.AbstractAutowireCapableBeanFactory.doCreateBean(AbstractAutowireCapableBeanFactory.java:510) ~[spring-beans-4.3.3.RELEASE.jar:4.3.3.RELEASE]
	at org.springframework.beans.factory.support.AbstractAutowireCapableBeanFactory.createBean(AbstractAutowireCapableBeanFactory.java:482) ~[spring-beans-4.3.3.RELEASE.jar:4.3.3.RELEASE]
	at org.springframework.beans.factory.support.AbstractBeanFactory$1.getObject(AbstractBeanFactory.java:306) ~[spring-beans-4.3.3.RELEASE.jar:4.3.3.RELEASE]
	at org.springframework.beans.factory.support.DefaultSingletonBeanRegistry.getSingleton(DefaultSingletonBeanRegistry.java:230) ~[spring-beans-4.3.3.RELEASE.jar:4.3.3.RELEASE]
	at org.springframework.beans.factory.support.AbstractBeanFactory.doGetBean(AbstractBeanFactory.java:302) ~[spring-beans-4.3.3.RELEASE.jar:4.3.3.RELEASE]
	at org.springframework.beans.factory.support.AbstractBeanFactory.getBean(AbstractBeanFactory.java:197) ~[spring-beans-4.3.3.RELEASE.jar:4.3.3.RELEASE]
	at org.springframework.beans.factory.support.ConstructorResolver.instantiateUsingFactoryMethod(ConstructorResolver.java:372) ~[spring-beans-4.3.3.RELEASE.jar:4.3.3.RELEASE]
	at org.springframework.beans.factory.support.AbstractAutowireCapableBeanFactory.instantiateUsingFactoryMethod(AbstractAutowireCapableBeanFactory.java:1128) ~[spring-beans-4.3.3.RELEASE.jar:4.3.3.RELEASE]
	at org.springframework.beans.factory.support.AbstractAutowireCapableBeanFactory.createBeanInstance(AbstractAutowireCapableBeanFactory.java:1023) ~[spring-beans-4.3.3.RELEASE.jar:4.3.3.RELEASE]
	at org.springframework.beans.factory.support.AbstractAutowireCapableBeanFactory.doCreateBean(AbstractAutowireCapableBeanFactory.java:510) ~[spring-beans-4.3.3.RELEASE.jar:4.3.3.RELEASE]
	at org.springframework.beans.factory.support.AbstractAutowireCapableBeanFactory.createBean(AbstractAutowireCapableBeanFactory.java:482) ~[spring-beans-4.3.3.RELEASE.jar:4.3.3.RELEASE]
	at org.springframework.beans.factory.support.AbstractBeanFactory$1.getObject(AbstractBeanFactory.java:306) ~[spring-beans-4.3.3.RELEASE.jar:4.3.3.RELEASE]
	at org.springframework.beans.factory.support.DefaultSingletonBeanRegistry.getSingleton(DefaultSingletonBeanRegistry.java:230) ~[spring-beans-4.3.3.RELEASE.jar:4.3.3.RELEASE]
	at org.springframework.beans.factory.support.AbstractBeanFactory.doGetBean(AbstractBeanFactory.java:302) ~[spring-beans-4.3.3.RELEASE.jar:4.3.3.RELEASE]
	at org.springframework.beans.factory.support.AbstractBeanFactory.getBean(AbstractBeanFactory.java:202) ~[spring-beans-4.3.3.RELEASE.jar:4.3.3.RELEASE]
	at org.springframework.beans.factory.support.DefaultListableBeanFactory.getBeansOfType(DefaultListableBeanFactory.java:509) ~[spring-beans-4.3.3.RELEASE.jar:4.3.3.RELEASE]
	at org.springframework.context.support.AbstractApplicationContext.getBeansOfType(AbstractApplicationContext.java:1192) ~[spring-context-4.3.3.RELEASE.jar:4.3.3.RELEASE]
	at org.springframework.boot.context.embedded.EmbeddedServletContainerCustomizerBeanPostProcessor.getCustomizers(EmbeddedServletContainerCustomizerBeanPostProcessor.java:77) ~[spring-boot-1.4.1.RELEASE.jar:1.4.1.RELEASE]
	at org.springframework.boot.context.embedded.EmbeddedServletContainerCustomizerBeanPostProcessor.postProcessBeforeInitialization(EmbeddedServletContainerCustomizerBeanPostProcessor.java:67) ~[spring-boot-1.4.1.RELEASE.jar:1.4.1.RELEASE]
	at org.springframework.boot.context.embedded.EmbeddedServletContainerCustomizerBeanPostProcessor.postProcessBeforeInitialization(EmbeddedServletContainerCustomizerBeanPostProcessor.java:54) ~[spring-boot-1.4.1.RELEASE.jar:1.4.1.RELEASE]
	at org.springframework.beans.factory.support.AbstractAutowireCapableBeanFactory.applyBeanPostProcessorsBeforeInitialization(AbstractAutowireCapableBeanFactory.java:408) ~[spring-beans-4.3.3.RELEASE.jar:4.3.3.RELEASE]
	at org.springframework.beans.factory.support.AbstractAutowireCapableBeanFactory.initializeBean(AbstractAutowireCapableBeanFactory.java:1575) ~[spring-beans-4.3.3.RELEASE.jar:4.3.3.RELEASE]
	at org.springframework.beans.factory.support.AbstractAutowireCapableBeanFactory.doCreateBean(AbstractAutowireCapableBeanFactory.java:545) ~[spring-beans-4.3.3.RELEASE.jar:4.3.3.RELEASE]
	... 16 common frames omitted
Caused by: org.springframework.beans.factory.BeanCreationException: Error creating bean with name 'spring.http.encoding-org.springframework.boot.autoconfigure.web.HttpEncodingProperties': Initialization of bean failed; nested exception is java.lang.NoClassDefFoundError: javax/xml/bind/ValidationException
	at org.springframework.beans.factory.support.AbstractAutowireCapableBeanFactory.doCreateBean(AbstractAutowireCapableBeanFactory.java:553) ~[spring-beans-4.3.3.RELEASE.jar:4.3.3.RELEASE]
	at org.springframework.beans.factory.support.AbstractAutowireCapableBeanFactory.createBean(AbstractAutowireCapableBeanFactory.java:482) ~[spring-beans-4.3.3.RELEASE.jar:4.3.3.RELEASE]
	at org.springframework.beans.factory.support.AbstractBeanFactory$1.getObject(AbstractBeanFactory.java:306) ~[spring-beans-4.3.3.RELEASE.jar:4.3.3.RELEASE]
	at org.springframework.beans.factory.support.DefaultSingletonBeanRegistry.getSingleton(DefaultSingletonBeanRegistry.java:230) ~[spring-beans-4.3.3.RELEASE.jar:4.3.3.RELEASE]
	at org.springframework.beans.factory.support.AbstractBeanFactory.doGetBean(AbstractBeanFactory.java:302) ~[spring-beans-4.3.3.RELEASE.jar:4.3.3.RELEASE]
	at org.springframework.beans.factory.support.AbstractBeanFactory.getBean(AbstractBeanFactory.java:202) ~[spring-beans-4.3.3.RELEASE.jar:4.3.3.RELEASE]
	at org.springframework.beans.factory.config.DependencyDescriptor.resolveCandidate(DependencyDescriptor.java:207) ~[spring-beans-4.3.3.RELEASE.jar:4.3.3.RELEASE]
	at org.springframework.beans.factory.support.DefaultListableBeanFactory.doResolveDependency(DefaultListableBeanFactory.java:1128) ~[spring-beans-4.3.3.RELEASE.jar:4.3.3.RELEASE]
	at org.springframework.beans.factory.support.DefaultListableBeanFactory.resolveDependency(DefaultListableBeanFactory.java:1056) ~[spring-beans-4.3.3.RELEASE.jar:4.3.3.RELEASE]
	at org.springframework.beans.factory.support.ConstructorResolver.resolveAutowiredArgument(ConstructorResolver.java:835) ~[spring-beans-4.3.3.RELEASE.jar:4.3.3.RELEASE]
	at org.springframework.beans.factory.support.ConstructorResolver.createArgumentArray(ConstructorResolver.java:741) ~[spring-beans-4.3.3.RELEASE.jar:4.3.3.RELEASE]
	... 42 common frames omitted
Caused by: java.lang.NoClassDefFoundError: javax/xml/bind/ValidationException
	at java.base/java.lang.ClassLoader.defineClass1(Native Method) ~[na:na]
	at java.base/java.lang.ClassLoader.defineClass(ClassLoader.java:1017) ~[na:na]
	at java.base/java.security.SecureClassLoader.defineClass(SecureClassLoader.java:174) ~[na:na]
	at java.base/jdk.internal.loader.BuiltinClassLoader.defineClass(BuiltinClassLoader.java:800) ~[na:na]
	at java.base/jdk.internal.loader.BuiltinClassLoader.findClassOnClassPathOrNull(BuiltinClassLoader.java:698) ~[na:na]
	at java.base/jdk.internal.loader.BuiltinClassLoader.loadClassOrNull(BuiltinClassLoader.java:621) ~[na:na]
	at java.base/jdk.internal.loader.BuiltinClassLoader.loadClass(BuiltinClassLoader.java:579) ~[na:na]
	at java.base/jdk.internal.loader.ClassLoaders$AppClassLoader.loadClass(ClassLoaders.java:178) ~[na:na]
	at java.base/java.lang.ClassLoader.loadClass(ClassLoader.java:522) ~[na:na]
	at org.hibernate.validator.internal.engine.ConfigurationImpl.<init>(ConfigurationImpl.java:129) ~[hibernate-validator-5.2.4.Final.jar:5.2.4.Final]
	at org.hibernate.validator.internal.engine.ConfigurationImpl.<init>(ConfigurationImpl.java:96) ~[hibernate-validator-5.2.4.Final.jar:5.2.4.Final]
	at org.hibernate.validator.HibernateValidator.createGenericConfiguration(HibernateValidator.java:31) ~[hibernate-validator-5.2.4.Final.jar:5.2.4.Final]
	at javax.validation.Validation$GenericBootstrapImpl.configure(Validation.java:276) ~[validation-api-1.1.0.Final.jar:na]
	at org.springframework.validation.beanvalidation.LocalValidatorFactoryBean.afterPropertiesSet(LocalValidatorFactoryBean.java:248) ~[spring-context-4.3.3.RELEASE.jar:4.3.3.RELEASE]
	at org.springframework.boot.context.properties.ConfigurationPropertiesBindingPostProcessor$LocalValidatorFactory.run(ConfigurationPropertiesBindingPostProcessor.java:452) ~[spring-boot-1.4.1.RELEASE.jar:1.4.1.RELEASE]
	at org.springframework.boot.context.properties.ConfigurationPropertiesBindingPostProcessor.getValidator(ConfigurationPropertiesBindingPostProcessor.java:386) ~[spring-boot-1.4.1.RELEASE.jar:1.4.1.RELEASE]
	at org.springframework.boot.context.properties.ConfigurationPropertiesBindingPostProcessor.determineValidator(ConfigurationPropertiesBindingPostProcessor.java:369) ~[spring-boot-1.4.1.RELEASE.jar:1.4.1.RELEASE]
	at org.springframework.boot.context.properties.ConfigurationPropertiesBindingPostProcessor.postProcessBeforeInitialization(ConfigurationPropertiesBindingPostProcessor.java:331) ~[spring-boot-1.4.1.RELEASE.jar:1.4.1.RELEASE]
	at org.springframework.boot.context.properties.ConfigurationPropertiesBindingPostProcessor.postProcessBeforeInitialization(ConfigurationPropertiesBindingPostProcessor.java:302) ~[spring-boot-1.4.1.RELEASE.jar:1.4.1.RELEASE]
	at org.springframework.beans.factory.support.AbstractAutowireCapableBeanFactory.applyBeanPostProcessorsBeforeInitialization(AbstractAutowireCapableBeanFactory.java:408) ~[spring-beans-4.3.3.RELEASE.jar:4.3.3.RELEASE]
	at org.springframework.beans.factory.support.AbstractAutowireCapableBeanFactory.initializeBean(AbstractAutowireCapableBeanFactory.java:1575) ~[spring-beans-4.3.3.RELEASE.jar:4.3.3.RELEASE]
	at org.springframework.beans.factory.support.AbstractAutowireCapableBeanFactory.doCreateBean(AbstractAutowireCapableBeanFactory.java:545) ~[spring-beans-4.3.3.RELEASE.jar:4.3.3.RELEASE]
	... 52 common frames omitted
Caused by: java.lang.ClassNotFoundException: javax.xml.bind.ValidationException
	at java.base/jdk.internal.loader.BuiltinClassLoader.loadClass(BuiltinClassLoader.java:581) ~[na:na]
	at java.base/jdk.internal.loader.ClassLoaders$AppClassLoader.loadClass(ClassLoaders.java:178) ~[na:na]
	at java.base/java.lang.ClassLoader.loadClass(ClassLoader.java:522) ~[na:na]
	... 74 common frames omitted

2022-08-12 16:08:11.234 ERROR 71514 --- [main] o.s.b.l.LoggingApplicationListener       : Cannot set level: ${level} for 'com.conygre.spring.boot.rest'
2022-08-12 16:08:11.299  INFO 71514 --- [main] org.finalproject.spring.boot.AppConfig   : Starting AppConfig on MacBook-Pro.local with PID 71514 (/Users/kemalkongar/trainingproject/Miss2TrainingProject/target/classes started by kemalkongar in /Users/kemalkongar/trainingproject/Miss2TrainingProject)
2022-08-12 16:08:11.299  INFO 71514 --- [main] org.finalproject.spring.boot.AppConfig   : No active profile set, falling back to default profiles: default
2022-08-12 16:08:11.481  INFO 71514 --- [main] ationConfigEmbeddedWebApplicationContext : Refreshing org.springframework.boot.context.embedded.AnnotationConfigEmbeddedWebApplicationContext@4716be8b: startup date [Fri Aug 12 16:08:11 EDT 2022]; root of context hierarchy
2022-08-12 16:08:12.894  INFO 71514 --- [main] trationDelegate$BeanPostProcessorChecker : Bean 'org.springframework.transaction.annotation.ProxyTransactionManagementConfiguration' of type [class org.springframework.transaction.annotation.ProxyTransactionManagementConfiguration$$EnhancerBySpringCGLIB$$b330a0ce] is not eligible for getting processed by all BeanPostProcessors (for example: not eligible for auto-proxying)
2022-08-12 16:08:12.967  WARN 71514 --- [main] ationConfigEmbeddedWebApplicationContext : Exception encountered during context initialization - cancelling refresh attempt: org.springframework.context.ApplicationContextException: Unable to start embedded container; nested exception is org.springframework.beans.factory.BeanCreationException: Error creating bean with name 'tomcatEmbeddedServletContainerFactory' defined in class path resource [org/springframework/boot/autoconfigure/web/EmbeddedServletContainerAutoConfiguration$EmbeddedTomcat.class]: Initialization of bean failed; nested exception is org.springframework.beans.factory.UnsatisfiedDependencyException: Error creating bean with name 'org.springframework.boot.autoconfigure.web.HttpEncodingAutoConfiguration': Unsatisfied dependency expressed through constructor parameter 0; nested exception is org.springframework.beans.factory.BeanCreationException: Error creating bean with name 'spring.http.encoding-org.springframework.boot.autoconfigure.web.HttpEncodingProperties': Initialization of bean failed; nested exception is java.lang.NoClassDefFoundError: javax/xml/bind/ValidationException
2022-08-12 16:08:12.973 ERROR 71514 --- [main] o.s.boot.SpringApplication               : Application startup failed

org.springframework.context.ApplicationContextException: Unable to start embedded container; nested exception is org.springframework.beans.factory.BeanCreationException: Error creating bean with name 'tomcatEmbeddedServletContainerFactory' defined in class path resource [org/springframework/boot/autoconfigure/web/EmbeddedServletContainerAutoConfiguration$EmbeddedTomcat.class]: Initialization of bean failed; nested exception is org.springframework.beans.factory.UnsatisfiedDependencyException: Error creating bean with name 'org.springframework.boot.autoconfigure.web.HttpEncodingAutoConfiguration': Unsatisfied dependency expressed through constructor parameter 0; nested exception is org.springframework.beans.factory.BeanCreationException: Error creating bean with name 'spring.http.encoding-org.springframework.boot.autoconfigure.web.HttpEncodingProperties': Initialization of bean failed; nested exception is java.lang.NoClassDefFoundError: javax/xml/bind/ValidationException
	at org.springframework.boot.context.embedded.EmbeddedWebApplicationContext.onRefresh(EmbeddedWebApplicationContext.java:137) ~[spring-boot-1.4.1.RELEASE.jar:1.4.1.RELEASE]
	at org.springframework.context.support.AbstractApplicationContext.refresh(AbstractApplicationContext.java:535) ~[spring-context-4.3.3.RELEASE.jar:4.3.3.RELEASE]
	at org.springframework.boot.context.embedded.EmbeddedWebApplicationContext.refresh(EmbeddedWebApplicationContext.java:122) ~[spring-boot-1.4.1.RELEASE.jar:1.4.1.RELEASE]
	at org.springframework.boot.SpringApplication.refresh(SpringApplication.java:761) ~[spring-boot-1.4.1.RELEASE.jar:1.4.1.RELEASE]
	at org.springframework.boot.SpringApplication.refreshContext(SpringApplication.java:371) ~[spring-boot-1.4.1.RELEASE.jar:1.4.1.RELEASE]
	at org.springframework.boot.SpringApplication.run(SpringApplication.java:315) ~[spring-boot-1.4.1.RELEASE.jar:1.4.1.RELEASE]
	at org.springframework.boot.SpringApplication.run(SpringApplication.java:1186) ~[spring-boot-1.4.1.RELEASE.jar:1.4.1.RELEASE]
	at org.springframework.boot.SpringApplication.run(SpringApplication.java:1175) ~[spring-boot-1.4.1.RELEASE.jar:1.4.1.RELEASE]
	at org.finalproject.spring.boot.AppConfig.main(AppConfig.java:13) ~[classes/:na]
Caused by: org.springframework.beans.factory.BeanCreationException: Error creating bean with name 'tomcatEmbeddedServletContainerFactory' defined in class path resource [org/springframework/boot/autoconfigure/web/EmbeddedServletContainerAutoConfiguration$EmbeddedTomcat.class]: Initialization of bean failed; nested exception is org.springframework.beans.factory.UnsatisfiedDependencyException: Error creating bean with name 'org.springframework.boot.autoconfigure.web.HttpEncodingAutoConfiguration': Unsatisfied dependency expressed through constructor parameter 0; nested exception is org.springframework.beans.factory.BeanCreationException: Error creating bean with name 'spring.http.encoding-org.springframework.boot.autoconfigure.web.HttpEncodingProperties': Initialization of bean failed; nested exception is java.lang.NoClassDefFoundError: javax/xml/bind/ValidationException
	at org.springframework.beans.factory.support.AbstractAutowireCapableBeanFactory.doCreateBean(AbstractAutowireCapableBeanFactory.java:553) ~[spring-beans-4.3.3.RELEASE.jar:4.3.3.RELEASE]
	at org.springframework.beans.factory.support.AbstractAutowireCapableBeanFactory.createBean(AbstractAutowireCapableBeanFactory.java:482) ~[spring-beans-4.3.3.RELEASE.jar:4.3.3.RELEASE]
	at org.springframework.beans.factory.support.AbstractBeanFactory$1.getObject(AbstractBeanFactory.java:306) ~[spring-beans-4.3.3.RELEASE.jar:4.3.3.RELEASE]
	at org.springframework.beans.factory.support.DefaultSingletonBeanRegistry.getSingleton(DefaultSingletonBeanRegistry.java:230) ~[spring-beans-4.3.3.RELEASE.jar:4.3.3.RELEASE]
	at org.springframework.beans.factory.support.AbstractBeanFactory.doGetBean(AbstractBeanFactory.java:302) ~[spring-beans-4.3.3.RELEASE.jar:4.3.3.RELEASE]
	at org.springframework.beans.factory.support.AbstractBeanFactory.getBean(AbstractBeanFactory.java:202) ~[spring-beans-4.3.3.RELEASE.jar:4.3.3.RELEASE]
	at org.springframework.boot.context.embedded.EmbeddedWebApplicationContext.getEmbeddedServletContainerFactory(EmbeddedWebApplicationContext.java:199) ~[spring-boot-1.4.1.RELEASE.jar:1.4.1.RELEASE]
	at org.springframework.boot.context.embedded.EmbeddedWebApplicationContext.createEmbeddedServletContainer(EmbeddedWebApplicationContext.java:162) ~[spring-boot-1.4.1.RELEASE.jar:1.4.1.RELEASE]
	at org.springframework.boot.context.embedded.EmbeddedWebApplicationContext.onRefresh(EmbeddedWebApplicationContext.java:134) ~[spring-boot-1.4.1.RELEASE.jar:1.4.1.RELEASE]
	... 8 common frames omitted
Caused by: org.springframework.beans.factory.UnsatisfiedDependencyException: Error creating bean with name 'org.springframework.boot.autoconfigure.web.HttpEncodingAutoConfiguration': Unsatisfied dependency expressed through constructor parameter 0; nested exception is org.springframework.beans.factory.BeanCreationException: Error creating bean with name 'spring.http.encoding-org.springframework.boot.autoconfigure.web.HttpEncodingProperties': Initialization of bean failed; nested exception is java.lang.NoClassDefFoundError: javax/xml/bind/ValidationException
	at org.springframework.beans.factory.support.ConstructorResolver.createArgumentArray(ConstructorResolver.java:749) ~[spring-beans-4.3.3.RELEASE.jar:4.3.3.RELEASE]
	at org.springframework.beans.factory.support.ConstructorResolver.autowireConstructor(ConstructorResolver.java:189) ~[spring-beans-4.3.3.RELEASE.jar:4.3.3.RELEASE]
	at org.springframework.beans.factory.support.AbstractAutowireCapableBeanFactory.autowireConstructor(AbstractAutowireCapableBeanFactory.java:1148) ~[spring-beans-4.3.3.RELEASE.jar:4.3.3.RELEASE]
	at org.springframework.beans.factory.support.AbstractAutowireCapableBeanFactory.createBeanInstance(AbstractAutowireCapableBeanFactory.java:1051) ~[spring-beans-4.3.3.RELEASE.jar:4.3.3.RELEASE]
	at org.springframework.beans.factory.support.AbstractAutowireCapableBeanFactory.doCreateBean(AbstractAutowireCapableBeanFactory.java:510) ~[spring-beans-4.3.3.RELEASE.jar:4.3.3.RELEASE]
	at org.springframework.beans.factory.support.AbstractAutowireCapableBeanFactory.createBean(AbstractAutowireCapableBeanFactory.java:482) ~[spring-beans-4.3.3.RELEASE.jar:4.3.3.RELEASE]
	at org.springframework.beans.factory.support.AbstractBeanFactory$1.getObject(AbstractBeanFactory.java:306) ~[spring-beans-4.3.3.RELEASE.jar:4.3.3.RELEASE]
	at org.springframework.beans.factory.support.DefaultSingletonBeanRegistry.getSingleton(DefaultSingletonBeanRegistry.java:230) ~[spring-beans-4.3.3.RELEASE.jar:4.3.3.RELEASE]
	at org.springframework.beans.factory.support.AbstractBeanFactory.doGetBean(AbstractBeanFactory.java:302) ~[spring-beans-4.3.3.RELEASE.jar:4.3.3.RELEASE]
	at org.springframework.beans.factory.support.AbstractBeanFactory.getBean(AbstractBeanFactory.java:197) ~[spring-beans-4.3.3.RELEASE.jar:4.3.3.RELEASE]
	at org.springframework.beans.factory.support.ConstructorResolver.instantiateUsingFactoryMethod(ConstructorResolver.java:372) ~[spring-beans-4.3.3.RELEASE.jar:4.3.3.RELEASE]
	at org.springframework.beans.factory.support.AbstractAutowireCapableBeanFactory.instantiateUsingFactoryMethod(AbstractAutowireCapableBeanFactory.java:1128) ~[spring-beans-4.3.3.RELEASE.jar:4.3.3.RELEASE]
	at org.springframework.beans.factory.support.AbstractAutowireCapableBeanFactory.createBeanInstance(AbstractAutowireCapableBeanFactory.java:1023) ~[spring-beans-4.3.3.RELEASE.jar:4.3.3.RELEASE]
	at org.springframework.beans.factory.support.AbstractAutowireCapableBeanFactory.doCreateBean(AbstractAutowireCapableBeanFactory.java:510) ~[spring-beans-4.3.3.RELEASE.jar:4.3.3.RELEASE]
	at org.springframework.beans.factory.support.AbstractAutowireCapableBeanFactory.createBean(AbstractAutowireCapableBeanFactory.java:482) ~[spring-beans-4.3.3.RELEASE.jar:4.3.3.RELEASE]
	at org.springframework.beans.factory.support.AbstractBeanFactory$1.getObject(AbstractBeanFactory.java:306) ~[spring-beans-4.3.3.RELEASE.jar:4.3.3.RELEASE]
	at org.springframework.beans.factory.support.DefaultSingletonBeanRegistry.getSingleton(DefaultSingletonBeanRegistry.java:230) ~[spring-beans-4.3.3.RELEASE.jar:4.3.3.RELEASE]
	at org.springframework.beans.factory.support.AbstractBeanFactory.doGetBean(AbstractBeanFactory.java:302) ~[spring-beans-4.3.3.RELEASE.jar:4.3.3.RELEASE]
	at org.springframework.beans.factory.support.AbstractBeanFactory.getBean(AbstractBeanFactory.java:202) ~[spring-beans-4.3.3.RELEASE.jar:4.3.3.RELEASE]
	at org.springframework.beans.factory.support.DefaultListableBeanFactory.getBeansOfType(DefaultListableBeanFactory.java:509) ~[spring-beans-4.3.3.RELEASE.jar:4.3.3.RELEASE]
	at org.springframework.context.support.AbstractApplicationContext.getBeansOfType(AbstractApplicationContext.java:1192) ~[spring-context-4.3.3.RELEASE.jar:4.3.3.RELEASE]
	at org.springframework.boot.context.embedded.EmbeddedServletContainerCustomizerBeanPostProcessor.getCustomizers(EmbeddedServletContainerCustomizerBeanPostProcessor.java:77) ~[spring-boot-1.4.1.RELEASE.jar:1.4.1.RELEASE]
	at org.springframework.boot.context.embedded.EmbeddedServletContainerCustomizerBeanPostProcessor.postProcessBeforeInitialization(EmbeddedServletContainerCustomizerBeanPostProcessor.java:67) ~[spring-boot-1.4.1.RELEASE.jar:1.4.1.RELEASE]
	at org.springframework.boot.context.embedded.EmbeddedServletContainerCustomizerBeanPostProcessor.postProcessBeforeInitialization(EmbeddedServletContainerCustomizerBeanPostProcessor.java:54) ~[spring-boot-1.4.1.RELEASE.jar:1.4.1.RELEASE]
	at org.springframework.beans.factory.support.AbstractAutowireCapableBeanFactory.applyBeanPostProcessorsBeforeInitialization(AbstractAutowireCapableBeanFactory.java:408) ~[spring-beans-4.3.3.RELEASE.jar:4.3.3.RELEASE]
	at org.springframework.beans.factory.support.AbstractAutowireCapableBeanFactory.initializeBean(AbstractAutowireCapableBeanFactory.java:1575) ~[spring-beans-4.3.3.RELEASE.jar:4.3.3.RELEASE]
	at org.springframework.beans.factory.support.AbstractAutowireCapableBeanFactory.doCreateBean(AbstractAutowireCapableBeanFactory.java:545) ~[spring-beans-4.3.3.RELEASE.jar:4.3.3.RELEASE]
	... 16 common frames omitted
Caused by: org.springframework.beans.factory.BeanCreationException: Error creating bean with name 'spring.http.encoding-org.springframework.boot.autoconfigure.web.HttpEncodingProperties': Initialization of bean failed; nested exception is java.lang.NoClassDefFoundError: javax/xml/bind/ValidationException
	at org.springframework.beans.factory.support.AbstractAutowireCapableBeanFactory.doCreateBean(AbstractAutowireCapableBeanFactory.java:553) ~[spring-beans-4.3.3.RELEASE.jar:4.3.3.RELEASE]
	at org.springframework.beans.factory.support.AbstractAutowireCapableBeanFactory.createBean(AbstractAutowireCapableBeanFactory.java:482) ~[spring-beans-4.3.3.RELEASE.jar:4.3.3.RELEASE]
	at org.springframework.beans.factory.support.AbstractBeanFactory$1.getObject(AbstractBeanFactory.java:306) ~[spring-beans-4.3.3.RELEASE.jar:4.3.3.RELEASE]
	at org.springframework.beans.factory.support.DefaultSingletonBeanRegistry.getSingleton(DefaultSingletonBeanRegistry.java:230) ~[spring-beans-4.3.3.RELEASE.jar:4.3.3.RELEASE]
	at org.springframework.beans.factory.support.AbstractBeanFactory.doGetBean(AbstractBeanFactory.java:302) ~[spring-beans-4.3.3.RELEASE.jar:4.3.3.RELEASE]
	at org.springframework.beans.factory.support.AbstractBeanFactory.getBean(AbstractBeanFactory.java:202) ~[spring-beans-4.3.3.RELEASE.jar:4.3.3.RELEASE]
	at org.springframework.beans.factory.config.DependencyDescriptor.resolveCandidate(DependencyDescriptor.java:207) ~[spring-beans-4.3.3.RELEASE.jar:4.3.3.RELEASE]
	at org.springframework.beans.factory.support.DefaultListableBeanFactory.doResolveDependency(DefaultListableBeanFactory.java:1128) ~[spring-beans-4.3.3.RELEASE.jar:4.3.3.RELEASE]
	at org.springframework.beans.factory.support.DefaultListableBeanFactory.resolveDependency(DefaultListableBeanFactory.java:1056) ~[spring-beans-4.3.3.RELEASE.jar:4.3.3.RELEASE]
	at org.springframework.beans.factory.support.ConstructorResolver.resolveAutowiredArgument(ConstructorResolver.java:835) ~[spring-beans-4.3.3.RELEASE.jar:4.3.3.RELEASE]
	at org.springframework.beans.factory.support.ConstructorResolver.createArgumentArray(ConstructorResolver.java:741) ~[spring-beans-4.3.3.RELEASE.jar:4.3.3.RELEASE]
	... 42 common frames omitted
Caused by: java.lang.NoClassDefFoundError: javax/xml/bind/ValidationException
	at org.hibernate.validator.internal.engine.ConfigurationImpl.<init>(ConfigurationImpl.java:129) ~[hibernate-validator-5.2.4.Final.jar:5.2.4.Final]
	at org.hibernate.validator.internal.engine.ConfigurationImpl.<init>(ConfigurationImpl.java:96) ~[hibernate-validator-5.2.4.Final.jar:5.2.4.Final]
	at org.hibernate.validator.HibernateValidator.createGenericConfiguration(HibernateValidator.java:31) ~[hibernate-validator-5.2.4.Final.jar:5.2.4.Final]
	at javax.validation.Validation$GenericBootstrapImpl.configure(Validation.java:276) ~[validation-api-1.1.0.Final.jar:na]
	at org.springframework.validation.beanvalidation.LocalValidatorFactoryBean.afterPropertiesSet(LocalValidatorFactoryBean.java:248) ~[spring-context-4.3.3.RELEASE.jar:4.3.3.RELEASE]
	at org.springframework.boot.context.properties.ConfigurationPropertiesBindingPostProcessor$LocalValidatorFactory.run(ConfigurationPropertiesBindingPostProcessor.java:452) ~[spring-boot-1.4.1.RELEASE.jar:1.4.1.RELEASE]
	at org.springframework.boot.context.properties.ConfigurationPropertiesBindingPostProcessor.getValidator(ConfigurationPropertiesBindingPostProcessor.java:386) ~[spring-boot-1.4.1.RELEASE.jar:1.4.1.RELEASE]
	at org.springframework.boot.context.properties.ConfigurationPropertiesBindingPostProcessor.determineValidator(ConfigurationPropertiesBindingPostProcessor.java:369) ~[spring-boot-1.4.1.RELEASE.jar:1.4.1.RELEASE]
	at org.springframework.boot.context.properties.ConfigurationPropertiesBindingPostProcessor.postProcessBeforeInitialization(ConfigurationPropertiesBindingPostProcessor.java:331) ~[spring-boot-1.4.1.RELEASE.jar:1.4.1.RELEASE]
	at org.springframework.boot.context.properties.ConfigurationPropertiesBindingPostProcessor.postProcessBeforeInitialization(ConfigurationPropertiesBindingPostProcessor.java:302) ~[spring-boot-1.4.1.RELEASE.jar:1.4.1.RELEASE]
	at org.springframework.beans.factory.support.AbstractAutowireCapableBeanFactory.applyBeanPostProcessorsBeforeInitialization(AbstractAutowireCapableBeanFactory.java:408) ~[spring-beans-4.3.3.RELEASE.jar:4.3.3.RELEASE]
	at org.springframework.beans.factory.support.AbstractAutowireCapableBeanFactory.initializeBean(AbstractAutowireCapableBeanFactory.java:1575) ~[spring-beans-4.3.3.RELEASE.jar:4.3.3.RELEASE]
	at org.springframework.beans.factory.support.AbstractAutowireCapableBeanFactory.doCreateBean(AbstractAutowireCapableBeanFactory.java:545) ~[spring-beans-4.3.3.RELEASE.jar:4.3.3.RELEASE]
	... 52 common frames omitted
Caused by: java.lang.ClassNotFoundException: javax.xml.bind.ValidationException
	at java.base/jdk.internal.loader.BuiltinClassLoader.loadClass(BuiltinClassLoader.java:581) ~[na:na]
	at java.base/jdk.internal.loader.ClassLoaders$AppClassLoader.loadClass(ClassLoaders.java:178) ~[na:na]
	at java.base/java.lang.ClassLoader.loadClass(ClassLoader.java:522) ~[na:na]
	... 65 common frames omitted

2022-08-12 16:10:12.996 ERROR 71534 --- [main] o.s.b.l.LoggingApplicationListener       : Cannot set level: ${level} for 'com.conygre.spring.boot.rest'
2022-08-12 16:10:13.147  INFO 71534 --- [main] org.finalproject.spring.boot.AppConfig   : Starting AppConfig on MacBook-Pro.local with PID 71534 (/Users/kemalkongar/trainingproject/Miss2TrainingProject/target/classes started by kemalkongar in /Users/kemalkongar/trainingproject/Miss2TrainingProject)
2022-08-12 16:10:13.148  INFO 71534 --- [main] org.finalproject.spring.boot.AppConfig   : No active profile set, falling back to default profiles: default
2022-08-12 16:10:13.462  INFO 71534 --- [main] ationConfigEmbeddedWebApplicationContext : Refreshing org.springframework.boot.context.embedded.AnnotationConfigEmbeddedWebApplicationContext@4716be8b: startup date [Fri Aug 12 16:10:13 EDT 2022]; root of context hierarchy
2022-08-12 16:10:14.650  INFO 71534 --- [main] trationDelegate$BeanPostProcessorChecker : Bean 'org.springframework.transaction.annotation.ProxyTransactionManagementConfiguration' of type [class org.springframework.transaction.annotation.ProxyTransactionManagementConfiguration$$EnhancerBySpringCGLIB$$b79b5dc6] is not eligible for getting processed by all BeanPostProcessors (for example: not eligible for auto-proxying)
2022-08-12 16:10:14.728  WARN 71534 --- [main] ationConfigEmbeddedWebApplicationContext : Exception encountered during context initialization - cancelling refresh attempt: org.springframework.context.ApplicationContextException: Unable to start embedded container; nested exception is org.springframework.beans.factory.BeanCreationException: Error creating bean with name 'tomcatEmbeddedServletContainerFactory' defined in class path resource [org/springframework/boot/autoconfigure/web/EmbeddedServletContainerAutoConfiguration$EmbeddedTomcat.class]: Initialization of bean failed; nested exception is org.springframework.beans.factory.UnsatisfiedDependencyException: Error creating bean with name 'org.springframework.boot.autoconfigure.web.HttpEncodingAutoConfiguration': Unsatisfied dependency expressed through constructor parameter 0; nested exception is org.springframework.beans.factory.BeanCreationException: Error creating bean with name 'spring.http.encoding-org.springframework.boot.autoconfigure.web.HttpEncodingProperties': Initialization of bean failed; nested exception is java.lang.NoClassDefFoundError: javax/xml/bind/ValidationException
2022-08-12 16:10:14.735 ERROR 71534 --- [main] o.s.boot.SpringApplication               : Application startup failed

org.springframework.context.ApplicationContextException: Unable to start embedded container; nested exception is org.springframework.beans.factory.BeanCreationException: Error creating bean with name 'tomcatEmbeddedServletContainerFactory' defined in class path resource [org/springframework/boot/autoconfigure/web/EmbeddedServletContainerAutoConfiguration$EmbeddedTomcat.class]: Initialization of bean failed; nested exception is org.springframework.beans.factory.UnsatisfiedDependencyException: Error creating bean with name 'org.springframework.boot.autoconfigure.web.HttpEncodingAutoConfiguration': Unsatisfied dependency expressed through constructor parameter 0; nested exception is org.springframework.beans.factory.BeanCreationException: Error creating bean with name 'spring.http.encoding-org.springframework.boot.autoconfigure.web.HttpEncodingProperties': Initialization of bean failed; nested exception is java.lang.NoClassDefFoundError: javax/xml/bind/ValidationException
	at org.springframework.boot.context.embedded.EmbeddedWebApplicationContext.onRefresh(EmbeddedWebApplicationContext.java:137) ~[spring-boot-1.4.1.RELEASE.jar:1.4.1.RELEASE]
	at org.springframework.context.support.AbstractApplicationContext.refresh(AbstractApplicationContext.java:535) ~[spring-context-4.3.3.RELEASE.jar:4.3.3.RELEASE]
	at org.springframework.boot.context.embedded.EmbeddedWebApplicationContext.refresh(EmbeddedWebApplicationContext.java:122) ~[spring-boot-1.4.1.RELEASE.jar:1.4.1.RELEASE]
	at org.springframework.boot.SpringApplication.refresh(SpringApplication.java:761) ~[spring-boot-1.4.1.RELEASE.jar:1.4.1.RELEASE]
	at org.springframework.boot.SpringApplication.refreshContext(SpringApplication.java:371) ~[spring-boot-1.4.1.RELEASE.jar:1.4.1.RELEASE]
	at org.springframework.boot.SpringApplication.run(SpringApplication.java:315) ~[spring-boot-1.4.1.RELEASE.jar:1.4.1.RELEASE]
	at org.springframework.boot.SpringApplication.run(SpringApplication.java:1186) ~[spring-boot-1.4.1.RELEASE.jar:1.4.1.RELEASE]
	at org.springframework.boot.SpringApplication.run(SpringApplication.java:1175) ~[spring-boot-1.4.1.RELEASE.jar:1.4.1.RELEASE]
	at org.finalproject.spring.boot.AppConfig.main(AppConfig.java:12) ~[classes/:na]
Caused by: org.springframework.beans.factory.BeanCreationException: Error creating bean with name 'tomcatEmbeddedServletContainerFactory' defined in class path resource [org/springframework/boot/autoconfigure/web/EmbeddedServletContainerAutoConfiguration$EmbeddedTomcat.class]: Initialization of bean failed; nested exception is org.springframework.beans.factory.UnsatisfiedDependencyException: Error creating bean with name 'org.springframework.boot.autoconfigure.web.HttpEncodingAutoConfiguration': Unsatisfied dependency expressed through constructor parameter 0; nested exception is org.springframework.beans.factory.BeanCreationException: Error creating bean with name 'spring.http.encoding-org.springframework.boot.autoconfigure.web.HttpEncodingProperties': Initialization of bean failed; nested exception is java.lang.NoClassDefFoundError: javax/xml/bind/ValidationException
	at org.springframework.beans.factory.support.AbstractAutowireCapableBeanFactory.doCreateBean(AbstractAutowireCapableBeanFactory.java:553) ~[spring-beans-4.3.3.RELEASE.jar:4.3.3.RELEASE]
	at org.springframework.beans.factory.support.AbstractAutowireCapableBeanFactory.createBean(AbstractAutowireCapableBeanFactory.java:482) ~[spring-beans-4.3.3.RELEASE.jar:4.3.3.RELEASE]
	at org.springframework.beans.factory.support.AbstractBeanFactory$1.getObject(AbstractBeanFactory.java:306) ~[spring-beans-4.3.3.RELEASE.jar:4.3.3.RELEASE]
	at org.springframework.beans.factory.support.DefaultSingletonBeanRegistry.getSingleton(DefaultSingletonBeanRegistry.java:230) ~[spring-beans-4.3.3.RELEASE.jar:4.3.3.RELEASE]
	at org.springframework.beans.factory.support.AbstractBeanFactory.doGetBean(AbstractBeanFactory.java:302) ~[spring-beans-4.3.3.RELEASE.jar:4.3.3.RELEASE]
	at org.springframework.beans.factory.support.AbstractBeanFactory.getBean(AbstractBeanFactory.java:202) ~[spring-beans-4.3.3.RELEASE.jar:4.3.3.RELEASE]
	at org.springframework.boot.context.embedded.EmbeddedWebApplicationContext.getEmbeddedServletContainerFactory(EmbeddedWebApplicationContext.java:199) ~[spring-boot-1.4.1.RELEASE.jar:1.4.1.RELEASE]
	at org.springframework.boot.context.embedded.EmbeddedWebApplicationContext.createEmbeddedServletContainer(EmbeddedWebApplicationContext.java:162) ~[spring-boot-1.4.1.RELEASE.jar:1.4.1.RELEASE]
	at org.springframework.boot.context.embedded.EmbeddedWebApplicationContext.onRefresh(EmbeddedWebApplicationContext.java:134) ~[spring-boot-1.4.1.RELEASE.jar:1.4.1.RELEASE]
	... 8 common frames omitted
Caused by: org.springframework.beans.factory.UnsatisfiedDependencyException: Error creating bean with name 'org.springframework.boot.autoconfigure.web.HttpEncodingAutoConfiguration': Unsatisfied dependency expressed through constructor parameter 0; nested exception is org.springframework.beans.factory.BeanCreationException: Error creating bean with name 'spring.http.encoding-org.springframework.boot.autoconfigure.web.HttpEncodingProperties': Initialization of bean failed; nested exception is java.lang.NoClassDefFoundError: javax/xml/bind/ValidationException
	at org.springframework.beans.factory.support.ConstructorResolver.createArgumentArray(ConstructorResolver.java:749) ~[spring-beans-4.3.3.RELEASE.jar:4.3.3.RELEASE]
	at org.springframework.beans.factory.support.ConstructorResolver.autowireConstructor(ConstructorResolver.java:189) ~[spring-beans-4.3.3.RELEASE.jar:4.3.3.RELEASE]
	at org.springframework.beans.factory.support.AbstractAutowireCapableBeanFactory.autowireConstructor(AbstractAutowireCapableBeanFactory.java:1148) ~[spring-beans-4.3.3.RELEASE.jar:4.3.3.RELEASE]
	at org.springframework.beans.factory.support.AbstractAutowireCapableBeanFactory.createBeanInstance(AbstractAutowireCapableBeanFactory.java:1051) ~[spring-beans-4.3.3.RELEASE.jar:4.3.3.RELEASE]
	at org.springframework.beans.factory.support.AbstractAutowireCapableBeanFactory.doCreateBean(AbstractAutowireCapableBeanFactory.java:510) ~[spring-beans-4.3.3.RELEASE.jar:4.3.3.RELEASE]
	at org.springframework.beans.factory.support.AbstractAutowireCapableBeanFactory.createBean(AbstractAutowireCapableBeanFactory.java:482) ~[spring-beans-4.3.3.RELEASE.jar:4.3.3.RELEASE]
	at org.springframework.beans.factory.support.AbstractBeanFactory$1.getObject(AbstractBeanFactory.java:306) ~[spring-beans-4.3.3.RELEASE.jar:4.3.3.RELEASE]
	at org.springframework.beans.factory.support.DefaultSingletonBeanRegistry.getSingleton(DefaultSingletonBeanRegistry.java:230) ~[spring-beans-4.3.3.RELEASE.jar:4.3.3.RELEASE]
	at org.springframework.beans.factory.support.AbstractBeanFactory.doGetBean(AbstractBeanFactory.java:302) ~[spring-beans-4.3.3.RELEASE.jar:4.3.3.RELEASE]
	at org.springframework.beans.factory.support.AbstractBeanFactory.getBean(AbstractBeanFactory.java:197) ~[spring-beans-4.3.3.RELEASE.jar:4.3.3.RELEASE]
	at org.springframework.beans.factory.support.ConstructorResolver.instantiateUsingFactoryMethod(ConstructorResolver.java:372) ~[spring-beans-4.3.3.RELEASE.jar:4.3.3.RELEASE]
	at org.springframework.beans.factory.support.AbstractAutowireCapableBeanFactory.instantiateUsingFactoryMethod(AbstractAutowireCapableBeanFactory.java:1128) ~[spring-beans-4.3.3.RELEASE.jar:4.3.3.RELEASE]
	at org.springframework.beans.factory.support.AbstractAutowireCapableBeanFactory.createBeanInstance(AbstractAutowireCapableBeanFactory.java:1023) ~[spring-beans-4.3.3.RELEASE.jar:4.3.3.RELEASE]
	at org.springframework.beans.factory.support.AbstractAutowireCapableBeanFactory.doCreateBean(AbstractAutowireCapableBeanFactory.java:510) ~[spring-beans-4.3.3.RELEASE.jar:4.3.3.RELEASE]
	at org.springframework.beans.factory.support.AbstractAutowireCapableBeanFactory.createBean(AbstractAutowireCapableBeanFactory.java:482) ~[spring-beans-4.3.3.RELEASE.jar:4.3.3.RELEASE]
	at org.springframework.beans.factory.support.AbstractBeanFactory$1.getObject(AbstractBeanFactory.java:306) ~[spring-beans-4.3.3.RELEASE.jar:4.3.3.RELEASE]
	at org.springframework.beans.factory.support.DefaultSingletonBeanRegistry.getSingleton(DefaultSingletonBeanRegistry.java:230) ~[spring-beans-4.3.3.RELEASE.jar:4.3.3.RELEASE]
	at org.springframework.beans.factory.support.AbstractBeanFactory.doGetBean(AbstractBeanFactory.java:302) ~[spring-beans-4.3.3.RELEASE.jar:4.3.3.RELEASE]
	at org.springframework.beans.factory.support.AbstractBeanFactory.getBean(AbstractBeanFactory.java:202) ~[spring-beans-4.3.3.RELEASE.jar:4.3.3.RELEASE]
	at org.springframework.beans.factory.support.DefaultListableBeanFactory.getBeansOfType(DefaultListableBeanFactory.java:509) ~[spring-beans-4.3.3.RELEASE.jar:4.3.3.RELEASE]
	at org.springframework.context.support.AbstractApplicationContext.getBeansOfType(AbstractApplicationContext.java:1192) ~[spring-context-4.3.3.RELEASE.jar:4.3.3.RELEASE]
	at org.springframework.boot.context.embedded.EmbeddedServletContainerCustomizerBeanPostProcessor.getCustomizers(EmbeddedServletContainerCustomizerBeanPostProcessor.java:77) ~[spring-boot-1.4.1.RELEASE.jar:1.4.1.RELEASE]
	at org.springframework.boot.context.embedded.EmbeddedServletContainerCustomizerBeanPostProcessor.postProcessBeforeInitialization(EmbeddedServletContainerCustomizerBeanPostProcessor.java:67) ~[spring-boot-1.4.1.RELEASE.jar:1.4.1.RELEASE]
	at org.springframework.boot.context.embedded.EmbeddedServletContainerCustomizerBeanPostProcessor.postProcessBeforeInitialization(EmbeddedServletContainerCustomizerBeanPostProcessor.java:54) ~[spring-boot-1.4.1.RELEASE.jar:1.4.1.RELEASE]
	at org.springframework.beans.factory.support.AbstractAutowireCapableBeanFactory.applyBeanPostProcessorsBeforeInitialization(AbstractAutowireCapableBeanFactory.java:408) ~[spring-beans-4.3.3.RELEASE.jar:4.3.3.RELEASE]
	at org.springframework.beans.factory.support.AbstractAutowireCapableBeanFactory.initializeBean(AbstractAutowireCapableBeanFactory.java:1575) ~[spring-beans-4.3.3.RELEASE.jar:4.3.3.RELEASE]
	at org.springframework.beans.factory.support.AbstractAutowireCapableBeanFactory.doCreateBean(AbstractAutowireCapableBeanFactory.java:545) ~[spring-beans-4.3.3.RELEASE.jar:4.3.3.RELEASE]
	... 16 common frames omitted
Caused by: org.springframework.beans.factory.BeanCreationException: Error creating bean with name 'spring.http.encoding-org.springframework.boot.autoconfigure.web.HttpEncodingProperties': Initialization of bean failed; nested exception is java.lang.NoClassDefFoundError: javax/xml/bind/ValidationException
	at org.springframework.beans.factory.support.AbstractAutowireCapableBeanFactory.doCreateBean(AbstractAutowireCapableBeanFactory.java:553) ~[spring-beans-4.3.3.RELEASE.jar:4.3.3.RELEASE]
	at org.springframework.beans.factory.support.AbstractAutowireCapableBeanFactory.createBean(AbstractAutowireCapableBeanFactory.java:482) ~[spring-beans-4.3.3.RELEASE.jar:4.3.3.RELEASE]
	at org.springframework.beans.factory.support.AbstractBeanFactory$1.getObject(AbstractBeanFactory.java:306) ~[spring-beans-4.3.3.RELEASE.jar:4.3.3.RELEASE]
	at org.springframework.beans.factory.support.DefaultSingletonBeanRegistry.getSingleton(DefaultSingletonBeanRegistry.java:230) ~[spring-beans-4.3.3.RELEASE.jar:4.3.3.RELEASE]
	at org.springframework.beans.factory.support.AbstractBeanFactory.doGetBean(AbstractBeanFactory.java:302) ~[spring-beans-4.3.3.RELEASE.jar:4.3.3.RELEASE]
	at org.springframework.beans.factory.support.AbstractBeanFactory.getBean(AbstractBeanFactory.java:202) ~[spring-beans-4.3.3.RELEASE.jar:4.3.3.RELEASE]
	at org.springframework.beans.factory.config.DependencyDescriptor.resolveCandidate(DependencyDescriptor.java:207) ~[spring-beans-4.3.3.RELEASE.jar:4.3.3.RELEASE]
	at org.springframework.beans.factory.support.DefaultListableBeanFactory.doResolveDependency(DefaultListableBeanFactory.java:1128) ~[spring-beans-4.3.3.RELEASE.jar:4.3.3.RELEASE]
	at org.springframework.beans.factory.support.DefaultListableBeanFactory.resolveDependency(DefaultListableBeanFactory.java:1056) ~[spring-beans-4.3.3.RELEASE.jar:4.3.3.RELEASE]
	at org.springframework.beans.factory.support.ConstructorResolver.resolveAutowiredArgument(ConstructorResolver.java:835) ~[spring-beans-4.3.3.RELEASE.jar:4.3.3.RELEASE]
	at org.springframework.beans.factory.support.ConstructorResolver.createArgumentArray(ConstructorResolver.java:741) ~[spring-beans-4.3.3.RELEASE.jar:4.3.3.RELEASE]
	... 42 common frames omitted
Caused by: java.lang.NoClassDefFoundError: javax/xml/bind/ValidationException
	at java.base/java.lang.ClassLoader.defineClass1(Native Method) ~[na:na]
	at java.base/java.lang.ClassLoader.defineClass(ClassLoader.java:1017) ~[na:na]
	at java.base/java.security.SecureClassLoader.defineClass(SecureClassLoader.java:174) ~[na:na]
	at java.base/jdk.internal.loader.BuiltinClassLoader.defineClass(BuiltinClassLoader.java:800) ~[na:na]
	at java.base/jdk.internal.loader.BuiltinClassLoader.findClassOnClassPathOrNull(BuiltinClassLoader.java:698) ~[na:na]
	at java.base/jdk.internal.loader.BuiltinClassLoader.loadClassOrNull(BuiltinClassLoader.java:621) ~[na:na]
	at java.base/jdk.internal.loader.BuiltinClassLoader.loadClass(BuiltinClassLoader.java:579) ~[na:na]
	at java.base/jdk.internal.loader.ClassLoaders$AppClassLoader.loadClass(ClassLoaders.java:178) ~[na:na]
	at java.base/java.lang.ClassLoader.loadClass(ClassLoader.java:522) ~[na:na]
	at org.hibernate.validator.internal.engine.ConfigurationImpl.<init>(ConfigurationImpl.java:129) ~[hibernate-validator-5.2.4.Final.jar:5.2.4.Final]
	at org.hibernate.validator.internal.engine.ConfigurationImpl.<init>(ConfigurationImpl.java:96) ~[hibernate-validator-5.2.4.Final.jar:5.2.4.Final]
	at org.hibernate.validator.HibernateValidator.createGenericConfiguration(HibernateValidator.java:31) ~[hibernate-validator-5.2.4.Final.jar:5.2.4.Final]
	at javax.validation.Validation$GenericBootstrapImpl.configure(Validation.java:276) ~[validation-api-1.1.0.Final.jar:na]
	at org.springframework.validation.beanvalidation.LocalValidatorFactoryBean.afterPropertiesSet(LocalValidatorFactoryBean.java:248) ~[spring-context-4.3.3.RELEASE.jar:4.3.3.RELEASE]
	at org.springframework.boot.context.properties.ConfigurationPropertiesBindingPostProcessor$LocalValidatorFactory.run(ConfigurationPropertiesBindingPostProcessor.java:452) ~[spring-boot-1.4.1.RELEASE.jar:1.4.1.RELEASE]
	at org.springframework.boot.context.properties.ConfigurationPropertiesBindingPostProcessor.getValidator(ConfigurationPropertiesBindingPostProcessor.java:386) ~[spring-boot-1.4.1.RELEASE.jar:1.4.1.RELEASE]
	at org.springframework.boot.context.properties.ConfigurationPropertiesBindingPostProcessor.determineValidator(ConfigurationPropertiesBindingPostProcessor.java:369) ~[spring-boot-1.4.1.RELEASE.jar:1.4.1.RELEASE]
	at org.springframework.boot.context.properties.ConfigurationPropertiesBindingPostProcessor.postProcessBeforeInitialization(ConfigurationPropertiesBindingPostProcessor.java:331) ~[spring-boot-1.4.1.RELEASE.jar:1.4.1.RELEASE]
	at org.springframework.boot.context.properties.ConfigurationPropertiesBindingPostProcessor.postProcessBeforeInitialization(ConfigurationPropertiesBindingPostProcessor.java:302) ~[spring-boot-1.4.1.RELEASE.jar:1.4.1.RELEASE]
	at org.springframework.beans.factory.support.AbstractAutowireCapableBeanFactory.applyBeanPostProcessorsBeforeInitialization(AbstractAutowireCapableBeanFactory.java:408) ~[spring-beans-4.3.3.RELEASE.jar:4.3.3.RELEASE]
	at org.springframework.beans.factory.support.AbstractAutowireCapableBeanFactory.initializeBean(AbstractAutowireCapableBeanFactory.java:1575) ~[spring-beans-4.3.3.RELEASE.jar:4.3.3.RELEASE]
	at org.springframework.beans.factory.support.AbstractAutowireCapableBeanFactory.doCreateBean(AbstractAutowireCapableBeanFactory.java:545) ~[spring-beans-4.3.3.RELEASE.jar:4.3.3.RELEASE]
	... 52 common frames omitted
Caused by: java.lang.ClassNotFoundException: javax.xml.bind.ValidationException
	at java.base/jdk.internal.loader.BuiltinClassLoader.loadClass(BuiltinClassLoader.java:581) ~[na:na]
	at java.base/jdk.internal.loader.ClassLoaders$AppClassLoader.loadClass(ClassLoaders.java:178) ~[na:na]
	at java.base/java.lang.ClassLoader.loadClass(ClassLoader.java:522) ~[na:na]
	... 74 common frames omitted

2022-08-12 16:13:38.797 ERROR 71571 --- [main] o.s.b.l.LoggingApplicationListener       : Cannot set level: ${level} for 'com.conygre.spring.boot.rest'
2022-08-12 16:13:38.868  INFO 71571 --- [main] org.finalproject.spring.boot.AppConfig   : Starting AppConfig on MacBook-Pro.local with PID 71571 (/Users/kemalkongar/trainingproject/Miss2TrainingProject/target/classes started by kemalkongar in /Users/kemalkongar/trainingproject/Miss2TrainingProject)
2022-08-12 16:13:38.869  INFO 71571 --- [main] org.finalproject.spring.boot.AppConfig   : No active profile set, falling back to default profiles: default
2022-08-12 16:13:39.111  INFO 71571 --- [main] ationConfigEmbeddedWebApplicationContext : Refreshing org.springframework.boot.context.embedded.AnnotationConfigEmbeddedWebApplicationContext@4716be8b: startup date [Fri Aug 12 16:13:39 EDT 2022]; root of context hierarchy
2022-08-12 16:13:40.525  INFO 71571 --- [main] trationDelegate$BeanPostProcessorChecker : Bean 'org.springframework.transaction.annotation.ProxyTransactionManagementConfiguration' of type [class org.springframework.transaction.annotation.ProxyTransactionManagementConfiguration$$EnhancerBySpringCGLIB$$9180e244] is not eligible for getting processed by all BeanPostProcessors (for example: not eligible for auto-proxying)
2022-08-12 16:13:40.619  WARN 71571 --- [main] ationConfigEmbeddedWebApplicationContext : Exception encountered during context initialization - cancelling refresh attempt: org.springframework.context.ApplicationContextException: Unable to start embedded container; nested exception is org.springframework.beans.factory.BeanCreationException: Error creating bean with name 'tomcatEmbeddedServletContainerFactory' defined in class path resource [org/springframework/boot/autoconfigure/web/EmbeddedServletContainerAutoConfiguration$EmbeddedTomcat.class]: Initialization of bean failed; nested exception is org.springframework.beans.factory.UnsatisfiedDependencyException: Error creating bean with name 'org.springframework.boot.autoconfigure.web.HttpEncodingAutoConfiguration': Unsatisfied dependency expressed through constructor parameter 0; nested exception is org.springframework.beans.factory.BeanCreationException: Error creating bean with name 'spring.http.encoding-org.springframework.boot.autoconfigure.web.HttpEncodingProperties': Initialization of bean failed; nested exception is java.lang.NoClassDefFoundError: javax/xml/bind/ValidationException
2022-08-12 16:13:40.627 ERROR 71571 --- [main] o.s.boot.SpringApplication               : Application startup failed

org.springframework.context.ApplicationContextException: Unable to start embedded container; nested exception is org.springframework.beans.factory.BeanCreationException: Error creating bean with name 'tomcatEmbeddedServletContainerFactory' defined in class path resource [org/springframework/boot/autoconfigure/web/EmbeddedServletContainerAutoConfiguration$EmbeddedTomcat.class]: Initialization of bean failed; nested exception is org.springframework.beans.factory.UnsatisfiedDependencyException: Error creating bean with name 'org.springframework.boot.autoconfigure.web.HttpEncodingAutoConfiguration': Unsatisfied dependency expressed through constructor parameter 0; nested exception is org.springframework.beans.factory.BeanCreationException: Error creating bean with name 'spring.http.encoding-org.springframework.boot.autoconfigure.web.HttpEncodingProperties': Initialization of bean failed; nested exception is java.lang.NoClassDefFoundError: javax/xml/bind/ValidationException
	at org.springframework.boot.context.embedded.EmbeddedWebApplicationContext.onRefresh(EmbeddedWebApplicationContext.java:137) ~[spring-boot-1.4.1.RELEASE.jar:1.4.1.RELEASE]
	at org.springframework.context.support.AbstractApplicationContext.refresh(AbstractApplicationContext.java:535) ~[spring-context-4.3.3.RELEASE.jar:4.3.3.RELEASE]
	at org.springframework.boot.context.embedded.EmbeddedWebApplicationContext.refresh(EmbeddedWebApplicationContext.java:122) ~[spring-boot-1.4.1.RELEASE.jar:1.4.1.RELEASE]
	at org.springframework.boot.SpringApplication.refresh(SpringApplication.java:761) ~[spring-boot-1.4.1.RELEASE.jar:1.4.1.RELEASE]
	at org.springframework.boot.SpringApplication.refreshContext(SpringApplication.java:371) ~[spring-boot-1.4.1.RELEASE.jar:1.4.1.RELEASE]
	at org.springframework.boot.SpringApplication.run(SpringApplication.java:315) ~[spring-boot-1.4.1.RELEASE.jar:1.4.1.RELEASE]
	at org.springframework.boot.SpringApplication.run(SpringApplication.java:1186) ~[spring-boot-1.4.1.RELEASE.jar:1.4.1.RELEASE]
	at org.springframework.boot.SpringApplication.run(SpringApplication.java:1175) ~[spring-boot-1.4.1.RELEASE.jar:1.4.1.RELEASE]
	at org.finalproject.spring.boot.AppConfig.main(AppConfig.java:12) ~[classes/:na]
Caused by: org.springframework.beans.factory.BeanCreationException: Error creating bean with name 'tomcatEmbeddedServletContainerFactory' defined in class path resource [org/springframework/boot/autoconfigure/web/EmbeddedServletContainerAutoConfiguration$EmbeddedTomcat.class]: Initialization of bean failed; nested exception is org.springframework.beans.factory.UnsatisfiedDependencyException: Error creating bean with name 'org.springframework.boot.autoconfigure.web.HttpEncodingAutoConfiguration': Unsatisfied dependency expressed through constructor parameter 0; nested exception is org.springframework.beans.factory.BeanCreationException: Error creating bean with name 'spring.http.encoding-org.springframework.boot.autoconfigure.web.HttpEncodingProperties': Initialization of bean failed; nested exception is java.lang.NoClassDefFoundError: javax/xml/bind/ValidationException
	at org.springframework.beans.factory.support.AbstractAutowireCapableBeanFactory.doCreateBean(AbstractAutowireCapableBeanFactory.java:553) ~[spring-beans-4.3.3.RELEASE.jar:4.3.3.RELEASE]
	at org.springframework.beans.factory.support.AbstractAutowireCapableBeanFactory.createBean(AbstractAutowireCapableBeanFactory.java:482) ~[spring-beans-4.3.3.RELEASE.jar:4.3.3.RELEASE]
	at org.springframework.beans.factory.support.AbstractBeanFactory$1.getObject(AbstractBeanFactory.java:306) ~[spring-beans-4.3.3.RELEASE.jar:4.3.3.RELEASE]
	at org.springframework.beans.factory.support.DefaultSingletonBeanRegistry.getSingleton(DefaultSingletonBeanRegistry.java:230) ~[spring-beans-4.3.3.RELEASE.jar:4.3.3.RELEASE]
	at org.springframework.beans.factory.support.AbstractBeanFactory.doGetBean(AbstractBeanFactory.java:302) ~[spring-beans-4.3.3.RELEASE.jar:4.3.3.RELEASE]
	at org.springframework.beans.factory.support.AbstractBeanFactory.getBean(AbstractBeanFactory.java:202) ~[spring-beans-4.3.3.RELEASE.jar:4.3.3.RELEASE]
	at org.springframework.boot.context.embedded.EmbeddedWebApplicationContext.getEmbeddedServletContainerFactory(EmbeddedWebApplicationContext.java:199) ~[spring-boot-1.4.1.RELEASE.jar:1.4.1.RELEASE]
	at org.springframework.boot.context.embedded.EmbeddedWebApplicationContext.createEmbeddedServletContainer(EmbeddedWebApplicationContext.java:162) ~[spring-boot-1.4.1.RELEASE.jar:1.4.1.RELEASE]
	at org.springframework.boot.context.embedded.EmbeddedWebApplicationContext.onRefresh(EmbeddedWebApplicationContext.java:134) ~[spring-boot-1.4.1.RELEASE.jar:1.4.1.RELEASE]
	... 8 common frames omitted
Caused by: org.springframework.beans.factory.UnsatisfiedDependencyException: Error creating bean with name 'org.springframework.boot.autoconfigure.web.HttpEncodingAutoConfiguration': Unsatisfied dependency expressed through constructor parameter 0; nested exception is org.springframework.beans.factory.BeanCreationException: Error creating bean with name 'spring.http.encoding-org.springframework.boot.autoconfigure.web.HttpEncodingProperties': Initialization of bean failed; nested exception is java.lang.NoClassDefFoundError: javax/xml/bind/ValidationException
	at org.springframework.beans.factory.support.ConstructorResolver.createArgumentArray(ConstructorResolver.java:749) ~[spring-beans-4.3.3.RELEASE.jar:4.3.3.RELEASE]
	at org.springframework.beans.factory.support.ConstructorResolver.autowireConstructor(ConstructorResolver.java:189) ~[spring-beans-4.3.3.RELEASE.jar:4.3.3.RELEASE]
	at org.springframework.beans.factory.support.AbstractAutowireCapableBeanFactory.autowireConstructor(AbstractAutowireCapableBeanFactory.java:1148) ~[spring-beans-4.3.3.RELEASE.jar:4.3.3.RELEASE]
	at org.springframework.beans.factory.support.AbstractAutowireCapableBeanFactory.createBeanInstance(AbstractAutowireCapableBeanFactory.java:1051) ~[spring-beans-4.3.3.RELEASE.jar:4.3.3.RELEASE]
	at org.springframework.beans.factory.support.AbstractAutowireCapableBeanFactory.doCreateBean(AbstractAutowireCapableBeanFactory.java:510) ~[spring-beans-4.3.3.RELEASE.jar:4.3.3.RELEASE]
	at org.springframework.beans.factory.support.AbstractAutowireCapableBeanFactory.createBean(AbstractAutowireCapableBeanFactory.java:482) ~[spring-beans-4.3.3.RELEASE.jar:4.3.3.RELEASE]
	at org.springframework.beans.factory.support.AbstractBeanFactory$1.getObject(AbstractBeanFactory.java:306) ~[spring-beans-4.3.3.RELEASE.jar:4.3.3.RELEASE]
	at org.springframework.beans.factory.support.DefaultSingletonBeanRegistry.getSingleton(DefaultSingletonBeanRegistry.java:230) ~[spring-beans-4.3.3.RELEASE.jar:4.3.3.RELEASE]
	at org.springframework.beans.factory.support.AbstractBeanFactory.doGetBean(AbstractBeanFactory.java:302) ~[spring-beans-4.3.3.RELEASE.jar:4.3.3.RELEASE]
	at org.springframework.beans.factory.support.AbstractBeanFactory.getBean(AbstractBeanFactory.java:197) ~[spring-beans-4.3.3.RELEASE.jar:4.3.3.RELEASE]
	at org.springframework.beans.factory.support.ConstructorResolver.instantiateUsingFactoryMethod(ConstructorResolver.java:372) ~[spring-beans-4.3.3.RELEASE.jar:4.3.3.RELEASE]
	at org.springframework.beans.factory.support.AbstractAutowireCapableBeanFactory.instantiateUsingFactoryMethod(AbstractAutowireCapableBeanFactory.java:1128) ~[spring-beans-4.3.3.RELEASE.jar:4.3.3.RELEASE]
	at org.springframework.beans.factory.support.AbstractAutowireCapableBeanFactory.createBeanInstance(AbstractAutowireCapableBeanFactory.java:1023) ~[spring-beans-4.3.3.RELEASE.jar:4.3.3.RELEASE]
	at org.springframework.beans.factory.support.AbstractAutowireCapableBeanFactory.doCreateBean(AbstractAutowireCapableBeanFactory.java:510) ~[spring-beans-4.3.3.RELEASE.jar:4.3.3.RELEASE]
	at org.springframework.beans.factory.support.AbstractAutowireCapableBeanFactory.createBean(AbstractAutowireCapableBeanFactory.java:482) ~[spring-beans-4.3.3.RELEASE.jar:4.3.3.RELEASE]
	at org.springframework.beans.factory.support.AbstractBeanFactory$1.getObject(AbstractBeanFactory.java:306) ~[spring-beans-4.3.3.RELEASE.jar:4.3.3.RELEASE]
	at org.springframework.beans.factory.support.DefaultSingletonBeanRegistry.getSingleton(DefaultSingletonBeanRegistry.java:230) ~[spring-beans-4.3.3.RELEASE.jar:4.3.3.RELEASE]
	at org.springframework.beans.factory.support.AbstractBeanFactory.doGetBean(AbstractBeanFactory.java:302) ~[spring-beans-4.3.3.RELEASE.jar:4.3.3.RELEASE]
	at org.springframework.beans.factory.support.AbstractBeanFactory.getBean(AbstractBeanFactory.java:202) ~[spring-beans-4.3.3.RELEASE.jar:4.3.3.RELEASE]
	at org.springframework.beans.factory.support.DefaultListableBeanFactory.getBeansOfType(DefaultListableBeanFactory.java:509) ~[spring-beans-4.3.3.RELEASE.jar:4.3.3.RELEASE]
	at org.springframework.context.support.AbstractApplicationContext.getBeansOfType(AbstractApplicationContext.java:1192) ~[spring-context-4.3.3.RELEASE.jar:4.3.3.RELEASE]
	at org.springframework.boot.context.embedded.EmbeddedServletContainerCustomizerBeanPostProcessor.getCustomizers(EmbeddedServletContainerCustomizerBeanPostProcessor.java:77) ~[spring-boot-1.4.1.RELEASE.jar:1.4.1.RELEASE]
	at org.springframework.boot.context.embedded.EmbeddedServletContainerCustomizerBeanPostProcessor.postProcessBeforeInitialization(EmbeddedServletContainerCustomizerBeanPostProcessor.java:67) ~[spring-boot-1.4.1.RELEASE.jar:1.4.1.RELEASE]
	at org.springframework.boot.context.embedded.EmbeddedServletContainerCustomizerBeanPostProcessor.postProcessBeforeInitialization(EmbeddedServletContainerCustomizerBeanPostProcessor.java:54) ~[spring-boot-1.4.1.RELEASE.jar:1.4.1.RELEASE]
	at org.springframework.beans.factory.support.AbstractAutowireCapableBeanFactory.applyBeanPostProcessorsBeforeInitialization(AbstractAutowireCapableBeanFactory.java:408) ~[spring-beans-4.3.3.RELEASE.jar:4.3.3.RELEASE]
	at org.springframework.beans.factory.support.AbstractAutowireCapableBeanFactory.initializeBean(AbstractAutowireCapableBeanFactory.java:1575) ~[spring-beans-4.3.3.RELEASE.jar:4.3.3.RELEASE]
	at org.springframework.beans.factory.support.AbstractAutowireCapableBeanFactory.doCreateBean(AbstractAutowireCapableBeanFactory.java:545) ~[spring-beans-4.3.3.RELEASE.jar:4.3.3.RELEASE]
	... 16 common frames omitted
Caused by: org.springframework.beans.factory.BeanCreationException: Error creating bean with name 'spring.http.encoding-org.springframework.boot.autoconfigure.web.HttpEncodingProperties': Initialization of bean failed; nested exception is java.lang.NoClassDefFoundError: javax/xml/bind/ValidationException
	at org.springframework.beans.factory.support.AbstractAutowireCapableBeanFactory.doCreateBean(AbstractAutowireCapableBeanFactory.java:553) ~[spring-beans-4.3.3.RELEASE.jar:4.3.3.RELEASE]
	at org.springframework.beans.factory.support.AbstractAutowireCapableBeanFactory.createBean(AbstractAutowireCapableBeanFactory.java:482) ~[spring-beans-4.3.3.RELEASE.jar:4.3.3.RELEASE]
	at org.springframework.beans.factory.support.AbstractBeanFactory$1.getObject(AbstractBeanFactory.java:306) ~[spring-beans-4.3.3.RELEASE.jar:4.3.3.RELEASE]
	at org.springframework.beans.factory.support.DefaultSingletonBeanRegistry.getSingleton(DefaultSingletonBeanRegistry.java:230) ~[spring-beans-4.3.3.RELEASE.jar:4.3.3.RELEASE]
	at org.springframework.beans.factory.support.AbstractBeanFactory.doGetBean(AbstractBeanFactory.java:302) ~[spring-beans-4.3.3.RELEASE.jar:4.3.3.RELEASE]
	at org.springframework.beans.factory.support.AbstractBeanFactory.getBean(AbstractBeanFactory.java:202) ~[spring-beans-4.3.3.RELEASE.jar:4.3.3.RELEASE]
	at org.springframework.beans.factory.config.DependencyDescriptor.resolveCandidate(DependencyDescriptor.java:207) ~[spring-beans-4.3.3.RELEASE.jar:4.3.3.RELEASE]
	at org.springframework.beans.factory.support.DefaultListableBeanFactory.doResolveDependency(DefaultListableBeanFactory.java:1128) ~[spring-beans-4.3.3.RELEASE.jar:4.3.3.RELEASE]
	at org.springframework.beans.factory.support.DefaultListableBeanFactory.resolveDependency(DefaultListableBeanFactory.java:1056) ~[spring-beans-4.3.3.RELEASE.jar:4.3.3.RELEASE]
	at org.springframework.beans.factory.support.ConstructorResolver.resolveAutowiredArgument(ConstructorResolver.java:835) ~[spring-beans-4.3.3.RELEASE.jar:4.3.3.RELEASE]
	at org.springframework.beans.factory.support.ConstructorResolver.createArgumentArray(ConstructorResolver.java:741) ~[spring-beans-4.3.3.RELEASE.jar:4.3.3.RELEASE]
	... 42 common frames omitted
Caused by: java.lang.NoClassDefFoundError: javax/xml/bind/ValidationException
	at org.hibernate.validator.internal.engine.ConfigurationImpl.<init>(ConfigurationImpl.java:129) ~[hibernate-validator-5.2.4.Final.jar:5.2.4.Final]
	at org.hibernate.validator.internal.engine.ConfigurationImpl.<init>(ConfigurationImpl.java:96) ~[hibernate-validator-5.2.4.Final.jar:5.2.4.Final]
	at org.hibernate.validator.HibernateValidator.createGenericConfiguration(HibernateValidator.java:31) ~[hibernate-validator-5.2.4.Final.jar:5.2.4.Final]
	at javax.validation.Validation$GenericBootstrapImpl.configure(Validation.java:276) ~[validation-api-1.1.0.Final.jar:na]
	at org.springframework.validation.beanvalidation.LocalValidatorFactoryBean.afterPropertiesSet(LocalValidatorFactoryBean.java:248) ~[spring-context-4.3.3.RELEASE.jar:4.3.3.RELEASE]
	at org.springframework.boot.context.properties.ConfigurationPropertiesBindingPostProcessor$LocalValidatorFactory.run(ConfigurationPropertiesBindingPostProcessor.java:452) ~[spring-boot-1.4.1.RELEASE.jar:1.4.1.RELEASE]
	at org.springframework.boot.context.properties.ConfigurationPropertiesBindingPostProcessor.getValidator(ConfigurationPropertiesBindingPostProcessor.java:386) ~[spring-boot-1.4.1.RELEASE.jar:1.4.1.RELEASE]
	at org.springframework.boot.context.properties.ConfigurationPropertiesBindingPostProcessor.determineValidator(ConfigurationPropertiesBindingPostProcessor.java:369) ~[spring-boot-1.4.1.RELEASE.jar:1.4.1.RELEASE]
	at org.springframework.boot.context.properties.ConfigurationPropertiesBindingPostProcessor.postProcessBeforeInitialization(ConfigurationPropertiesBindingPostProcessor.java:331) ~[spring-boot-1.4.1.RELEASE.jar:1.4.1.RELEASE]
	at org.springframework.boot.context.properties.ConfigurationPropertiesBindingPostProcessor.postProcessBeforeInitialization(ConfigurationPropertiesBindingPostProcessor.java:302) ~[spring-boot-1.4.1.RELEASE.jar:1.4.1.RELEASE]
	at org.springframework.beans.factory.support.AbstractAutowireCapableBeanFactory.applyBeanPostProcessorsBeforeInitialization(AbstractAutowireCapableBeanFactory.java:408) ~[spring-beans-4.3.3.RELEASE.jar:4.3.3.RELEASE]
	at org.springframework.beans.factory.support.AbstractAutowireCapableBeanFactory.initializeBean(AbstractAutowireCapableBeanFactory.java:1575) ~[spring-beans-4.3.3.RELEASE.jar:4.3.3.RELEASE]
	at org.springframework.beans.factory.support.AbstractAutowireCapableBeanFactory.doCreateBean(AbstractAutowireCapableBeanFactory.java:545) ~[spring-beans-4.3.3.RELEASE.jar:4.3.3.RELEASE]
	... 52 common frames omitted
Caused by: java.lang.ClassNotFoundException: javax.xml.bind.ValidationException
	at java.base/jdk.internal.loader.BuiltinClassLoader.loadClass(BuiltinClassLoader.java:581) ~[na:na]
	at java.base/jdk.internal.loader.ClassLoaders$AppClassLoader.loadClass(ClassLoaders.java:178) ~[na:na]
	at java.base/java.lang.ClassLoader.loadClass(ClassLoader.java:522) ~[na:na]
	... 65 common frames omitted

2022-08-12 16:13:48.652 ERROR 71576 --- [main] o.s.b.l.LoggingApplicationListener       : Cannot set level: ${level} for 'com.conygre.spring.boot.rest'
2022-08-12 16:13:48.735  INFO 71576 --- [main] org.finalproject.spring.boot.AppConfig   : Starting AppConfig on MacBook-Pro.local with PID 71576 (/Users/kemalkongar/trainingproject/Miss2TrainingProject/target/classes started by kemalkongar in /Users/kemalkongar/trainingproject/Miss2TrainingProject)
2022-08-12 16:13:48.736  INFO 71576 --- [main] org.finalproject.spring.boot.AppConfig   : No active profile set, falling back to default profiles: default
2022-08-12 16:13:48.973  INFO 71576 --- [main] ationConfigEmbeddedWebApplicationContext : Refreshing org.springframework.boot.context.embedded.AnnotationConfigEmbeddedWebApplicationContext@4716be8b: startup date [Fri Aug 12 16:13:48 EDT 2022]; root of context hierarchy
2022-08-12 16:13:50.286  INFO 71576 --- [main] trationDelegate$BeanPostProcessorChecker : Bean 'org.springframework.transaction.annotation.ProxyTransactionManagementConfiguration' of type [class org.springframework.transaction.annotation.ProxyTransactionManagementConfiguration$$EnhancerBySpringCGLIB$$d4eee45c] is not eligible for getting processed by all BeanPostProcessors (for example: not eligible for auto-proxying)
2022-08-12 16:13:50.389  WARN 71576 --- [main] ationConfigEmbeddedWebApplicationContext : Exception encountered during context initialization - cancelling refresh attempt: org.springframework.context.ApplicationContextException: Unable to start embedded container; nested exception is org.springframework.beans.factory.BeanCreationException: Error creating bean with name 'tomcatEmbeddedServletContainerFactory' defined in class path resource [org/springframework/boot/autoconfigure/web/EmbeddedServletContainerAutoConfiguration$EmbeddedTomcat.class]: Initialization of bean failed; nested exception is org.springframework.beans.factory.UnsatisfiedDependencyException: Error creating bean with name 'org.springframework.boot.autoconfigure.web.HttpEncodingAutoConfiguration': Unsatisfied dependency expressed through constructor parameter 0; nested exception is org.springframework.beans.factory.BeanCreationException: Error creating bean with name 'spring.http.encoding-org.springframework.boot.autoconfigure.web.HttpEncodingProperties': Initialization of bean failed; nested exception is java.lang.NoClassDefFoundError: javax/xml/bind/ValidationException
2022-08-12 16:13:50.398 ERROR 71576 --- [main] o.s.boot.SpringApplication               : Application startup failed

org.springframework.context.ApplicationContextException: Unable to start embedded container; nested exception is org.springframework.beans.factory.BeanCreationException: Error creating bean with name 'tomcatEmbeddedServletContainerFactory' defined in class path resource [org/springframework/boot/autoconfigure/web/EmbeddedServletContainerAutoConfiguration$EmbeddedTomcat.class]: Initialization of bean failed; nested exception is org.springframework.beans.factory.UnsatisfiedDependencyException: Error creating bean with name 'org.springframework.boot.autoconfigure.web.HttpEncodingAutoConfiguration': Unsatisfied dependency expressed through constructor parameter 0; nested exception is org.springframework.beans.factory.BeanCreationException: Error creating bean with name 'spring.http.encoding-org.springframework.boot.autoconfigure.web.HttpEncodingProperties': Initialization of bean failed; nested exception is java.lang.NoClassDefFoundError: javax/xml/bind/ValidationException
	at org.springframework.boot.context.embedded.EmbeddedWebApplicationContext.onRefresh(EmbeddedWebApplicationContext.java:137) ~[spring-boot-1.4.1.RELEASE.jar:1.4.1.RELEASE]
	at org.springframework.context.support.AbstractApplicationContext.refresh(AbstractApplicationContext.java:535) ~[spring-context-4.3.3.RELEASE.jar:4.3.3.RELEASE]
	at org.springframework.boot.context.embedded.EmbeddedWebApplicationContext.refresh(EmbeddedWebApplicationContext.java:122) ~[spring-boot-1.4.1.RELEASE.jar:1.4.1.RELEASE]
	at org.springframework.boot.SpringApplication.refresh(SpringApplication.java:761) ~[spring-boot-1.4.1.RELEASE.jar:1.4.1.RELEASE]
	at org.springframework.boot.SpringApplication.refreshContext(SpringApplication.java:371) ~[spring-boot-1.4.1.RELEASE.jar:1.4.1.RELEASE]
	at org.springframework.boot.SpringApplication.run(SpringApplication.java:315) ~[spring-boot-1.4.1.RELEASE.jar:1.4.1.RELEASE]
	at org.springframework.boot.SpringApplication.run(SpringApplication.java:1186) ~[spring-boot-1.4.1.RELEASE.jar:1.4.1.RELEASE]
	at org.springframework.boot.SpringApplication.run(SpringApplication.java:1175) ~[spring-boot-1.4.1.RELEASE.jar:1.4.1.RELEASE]
	at org.finalproject.spring.boot.AppConfig.main(AppConfig.java:12) ~[classes/:na]
Caused by: org.springframework.beans.factory.BeanCreationException: Error creating bean with name 'tomcatEmbeddedServletContainerFactory' defined in class path resource [org/springframework/boot/autoconfigure/web/EmbeddedServletContainerAutoConfiguration$EmbeddedTomcat.class]: Initialization of bean failed; nested exception is org.springframework.beans.factory.UnsatisfiedDependencyException: Error creating bean with name 'org.springframework.boot.autoconfigure.web.HttpEncodingAutoConfiguration': Unsatisfied dependency expressed through constructor parameter 0; nested exception is org.springframework.beans.factory.BeanCreationException: Error creating bean with name 'spring.http.encoding-org.springframework.boot.autoconfigure.web.HttpEncodingProperties': Initialization of bean failed; nested exception is java.lang.NoClassDefFoundError: javax/xml/bind/ValidationException
	at org.springframework.beans.factory.support.AbstractAutowireCapableBeanFactory.doCreateBean(AbstractAutowireCapableBeanFactory.java:553) ~[spring-beans-4.3.3.RELEASE.jar:4.3.3.RELEASE]
	at org.springframework.beans.factory.support.AbstractAutowireCapableBeanFactory.createBean(AbstractAutowireCapableBeanFactory.java:482) ~[spring-beans-4.3.3.RELEASE.jar:4.3.3.RELEASE]
	at org.springframework.beans.factory.support.AbstractBeanFactory$1.getObject(AbstractBeanFactory.java:306) ~[spring-beans-4.3.3.RELEASE.jar:4.3.3.RELEASE]
	at org.springframework.beans.factory.support.DefaultSingletonBeanRegistry.getSingleton(DefaultSingletonBeanRegistry.java:230) ~[spring-beans-4.3.3.RELEASE.jar:4.3.3.RELEASE]
	at org.springframework.beans.factory.support.AbstractBeanFactory.doGetBean(AbstractBeanFactory.java:302) ~[spring-beans-4.3.3.RELEASE.jar:4.3.3.RELEASE]
	at org.springframework.beans.factory.support.AbstractBeanFactory.getBean(AbstractBeanFactory.java:202) ~[spring-beans-4.3.3.RELEASE.jar:4.3.3.RELEASE]
	at org.springframework.boot.context.embedded.EmbeddedWebApplicationContext.getEmbeddedServletContainerFactory(EmbeddedWebApplicationContext.java:199) ~[spring-boot-1.4.1.RELEASE.jar:1.4.1.RELEASE]
	at org.springframework.boot.context.embedded.EmbeddedWebApplicationContext.createEmbeddedServletContainer(EmbeddedWebApplicationContext.java:162) ~[spring-boot-1.4.1.RELEASE.jar:1.4.1.RELEASE]
	at org.springframework.boot.context.embedded.EmbeddedWebApplicationContext.onRefresh(EmbeddedWebApplicationContext.java:134) ~[spring-boot-1.4.1.RELEASE.jar:1.4.1.RELEASE]
	... 8 common frames omitted
Caused by: org.springframework.beans.factory.UnsatisfiedDependencyException: Error creating bean with name 'org.springframework.boot.autoconfigure.web.HttpEncodingAutoConfiguration': Unsatisfied dependency expressed through constructor parameter 0; nested exception is org.springframework.beans.factory.BeanCreationException: Error creating bean with name 'spring.http.encoding-org.springframework.boot.autoconfigure.web.HttpEncodingProperties': Initialization of bean failed; nested exception is java.lang.NoClassDefFoundError: javax/xml/bind/ValidationException
	at org.springframework.beans.factory.support.ConstructorResolver.createArgumentArray(ConstructorResolver.java:749) ~[spring-beans-4.3.3.RELEASE.jar:4.3.3.RELEASE]
	at org.springframework.beans.factory.support.ConstructorResolver.autowireConstructor(ConstructorResolver.java:189) ~[spring-beans-4.3.3.RELEASE.jar:4.3.3.RELEASE]
	at org.springframework.beans.factory.support.AbstractAutowireCapableBeanFactory.autowireConstructor(AbstractAutowireCapableBeanFactory.java:1148) ~[spring-beans-4.3.3.RELEASE.jar:4.3.3.RELEASE]
	at org.springframework.beans.factory.support.AbstractAutowireCapableBeanFactory.createBeanInstance(AbstractAutowireCapableBeanFactory.java:1051) ~[spring-beans-4.3.3.RELEASE.jar:4.3.3.RELEASE]
	at org.springframework.beans.factory.support.AbstractAutowireCapableBeanFactory.doCreateBean(AbstractAutowireCapableBeanFactory.java:510) ~[spring-beans-4.3.3.RELEASE.jar:4.3.3.RELEASE]
	at org.springframework.beans.factory.support.AbstractAutowireCapableBeanFactory.createBean(AbstractAutowireCapableBeanFactory.java:482) ~[spring-beans-4.3.3.RELEASE.jar:4.3.3.RELEASE]
	at org.springframework.beans.factory.support.AbstractBeanFactory$1.getObject(AbstractBeanFactory.java:306) ~[spring-beans-4.3.3.RELEASE.jar:4.3.3.RELEASE]
	at org.springframework.beans.factory.support.DefaultSingletonBeanRegistry.getSingleton(DefaultSingletonBeanRegistry.java:230) ~[spring-beans-4.3.3.RELEASE.jar:4.3.3.RELEASE]
	at org.springframework.beans.factory.support.AbstractBeanFactory.doGetBean(AbstractBeanFactory.java:302) ~[spring-beans-4.3.3.RELEASE.jar:4.3.3.RELEASE]
	at org.springframework.beans.factory.support.AbstractBeanFactory.getBean(AbstractBeanFactory.java:197) ~[spring-beans-4.3.3.RELEASE.jar:4.3.3.RELEASE]
	at org.springframework.beans.factory.support.ConstructorResolver.instantiateUsingFactoryMethod(ConstructorResolver.java:372) ~[spring-beans-4.3.3.RELEASE.jar:4.3.3.RELEASE]
	at org.springframework.beans.factory.support.AbstractAutowireCapableBeanFactory.instantiateUsingFactoryMethod(AbstractAutowireCapableBeanFactory.java:1128) ~[spring-beans-4.3.3.RELEASE.jar:4.3.3.RELEASE]
	at org.springframework.beans.factory.support.AbstractAutowireCapableBeanFactory.createBeanInstance(AbstractAutowireCapableBeanFactory.java:1023) ~[spring-beans-4.3.3.RELEASE.jar:4.3.3.RELEASE]
	at org.springframework.beans.factory.support.AbstractAutowireCapableBeanFactory.doCreateBean(AbstractAutowireCapableBeanFactory.java:510) ~[spring-beans-4.3.3.RELEASE.jar:4.3.3.RELEASE]
	at org.springframework.beans.factory.support.AbstractAutowireCapableBeanFactory.createBean(AbstractAutowireCapableBeanFactory.java:482) ~[spring-beans-4.3.3.RELEASE.jar:4.3.3.RELEASE]
	at org.springframework.beans.factory.support.AbstractBeanFactory$1.getObject(AbstractBeanFactory.java:306) ~[spring-beans-4.3.3.RELEASE.jar:4.3.3.RELEASE]
	at org.springframework.beans.factory.support.DefaultSingletonBeanRegistry.getSingleton(DefaultSingletonBeanRegistry.java:230) ~[spring-beans-4.3.3.RELEASE.jar:4.3.3.RELEASE]
	at org.springframework.beans.factory.support.AbstractBeanFactory.doGetBean(AbstractBeanFactory.java:302) ~[spring-beans-4.3.3.RELEASE.jar:4.3.3.RELEASE]
	at org.springframework.beans.factory.support.AbstractBeanFactory.getBean(AbstractBeanFactory.java:202) ~[spring-beans-4.3.3.RELEASE.jar:4.3.3.RELEASE]
	at org.springframework.beans.factory.support.DefaultListableBeanFactory.getBeansOfType(DefaultListableBeanFactory.java:509) ~[spring-beans-4.3.3.RELEASE.jar:4.3.3.RELEASE]
	at org.springframework.context.support.AbstractApplicationContext.getBeansOfType(AbstractApplicationContext.java:1192) ~[spring-context-4.3.3.RELEASE.jar:4.3.3.RELEASE]
	at org.springframework.boot.context.embedded.EmbeddedServletContainerCustomizerBeanPostProcessor.getCustomizers(EmbeddedServletContainerCustomizerBeanPostProcessor.java:77) ~[spring-boot-1.4.1.RELEASE.jar:1.4.1.RELEASE]
	at org.springframework.boot.context.embedded.EmbeddedServletContainerCustomizerBeanPostProcessor.postProcessBeforeInitialization(EmbeddedServletContainerCustomizerBeanPostProcessor.java:67) ~[spring-boot-1.4.1.RELEASE.jar:1.4.1.RELEASE]
	at org.springframework.boot.context.embedded.EmbeddedServletContainerCustomizerBeanPostProcessor.postProcessBeforeInitialization(EmbeddedServletContainerCustomizerBeanPostProcessor.java:54) ~[spring-boot-1.4.1.RELEASE.jar:1.4.1.RELEASE]
	at org.springframework.beans.factory.support.AbstractAutowireCapableBeanFactory.applyBeanPostProcessorsBeforeInitialization(AbstractAutowireCapableBeanFactory.java:408) ~[spring-beans-4.3.3.RELEASE.jar:4.3.3.RELEASE]
	at org.springframework.beans.factory.support.AbstractAutowireCapableBeanFactory.initializeBean(AbstractAutowireCapableBeanFactory.java:1575) ~[spring-beans-4.3.3.RELEASE.jar:4.3.3.RELEASE]
	at org.springframework.beans.factory.support.AbstractAutowireCapableBeanFactory.doCreateBean(AbstractAutowireCapableBeanFactory.java:545) ~[spring-beans-4.3.3.RELEASE.jar:4.3.3.RELEASE]
	... 16 common frames omitted
Caused by: org.springframework.beans.factory.BeanCreationException: Error creating bean with name 'spring.http.encoding-org.springframework.boot.autoconfigure.web.HttpEncodingProperties': Initialization of bean failed; nested exception is java.lang.NoClassDefFoundError: javax/xml/bind/ValidationException
	at org.springframework.beans.factory.support.AbstractAutowireCapableBeanFactory.doCreateBean(AbstractAutowireCapableBeanFactory.java:553) ~[spring-beans-4.3.3.RELEASE.jar:4.3.3.RELEASE]
	at org.springframework.beans.factory.support.AbstractAutowireCapableBeanFactory.createBean(AbstractAutowireCapableBeanFactory.java:482) ~[spring-beans-4.3.3.RELEASE.jar:4.3.3.RELEASE]
	at org.springframework.beans.factory.support.AbstractBeanFactory$1.getObject(AbstractBeanFactory.java:306) ~[spring-beans-4.3.3.RELEASE.jar:4.3.3.RELEASE]
	at org.springframework.beans.factory.support.DefaultSingletonBeanRegistry.getSingleton(DefaultSingletonBeanRegistry.java:230) ~[spring-beans-4.3.3.RELEASE.jar:4.3.3.RELEASE]
	at org.springframework.beans.factory.support.AbstractBeanFactory.doGetBean(AbstractBeanFactory.java:302) ~[spring-beans-4.3.3.RELEASE.jar:4.3.3.RELEASE]
	at org.springframework.beans.factory.support.AbstractBeanFactory.getBean(AbstractBeanFactory.java:202) ~[spring-beans-4.3.3.RELEASE.jar:4.3.3.RELEASE]
	at org.springframework.beans.factory.config.DependencyDescriptor.resolveCandidate(DependencyDescriptor.java:207) ~[spring-beans-4.3.3.RELEASE.jar:4.3.3.RELEASE]
	at org.springframework.beans.factory.support.DefaultListableBeanFactory.doResolveDependency(DefaultListableBeanFactory.java:1128) ~[spring-beans-4.3.3.RELEASE.jar:4.3.3.RELEASE]
	at org.springframework.beans.factory.support.DefaultListableBeanFactory.resolveDependency(DefaultListableBeanFactory.java:1056) ~[spring-beans-4.3.3.RELEASE.jar:4.3.3.RELEASE]
	at org.springframework.beans.factory.support.ConstructorResolver.resolveAutowiredArgument(ConstructorResolver.java:835) ~[spring-beans-4.3.3.RELEASE.jar:4.3.3.RELEASE]
	at org.springframework.beans.factory.support.ConstructorResolver.createArgumentArray(ConstructorResolver.java:741) ~[spring-beans-4.3.3.RELEASE.jar:4.3.3.RELEASE]
	... 42 common frames omitted
Caused by: java.lang.NoClassDefFoundError: javax/xml/bind/ValidationException
	at java.base/java.lang.ClassLoader.defineClass1(Native Method) ~[na:na]
	at java.base/java.lang.ClassLoader.defineClass(ClassLoader.java:1017) ~[na:na]
	at java.base/java.security.SecureClassLoader.defineClass(SecureClassLoader.java:174) ~[na:na]
	at java.base/jdk.internal.loader.BuiltinClassLoader.defineClass(BuiltinClassLoader.java:800) ~[na:na]
	at java.base/jdk.internal.loader.BuiltinClassLoader.findClassOnClassPathOrNull(BuiltinClassLoader.java:698) ~[na:na]
	at java.base/jdk.internal.loader.BuiltinClassLoader.loadClassOrNull(BuiltinClassLoader.java:621) ~[na:na]
	at java.base/jdk.internal.loader.BuiltinClassLoader.loadClass(BuiltinClassLoader.java:579) ~[na:na]
	at java.base/jdk.internal.loader.ClassLoaders$AppClassLoader.loadClass(ClassLoaders.java:178) ~[na:na]
	at java.base/java.lang.ClassLoader.loadClass(ClassLoader.java:522) ~[na:na]
	at org.hibernate.validator.internal.engine.ConfigurationImpl.<init>(ConfigurationImpl.java:129) ~[hibernate-validator-5.2.4.Final.jar:5.2.4.Final]
	at org.hibernate.validator.internal.engine.ConfigurationImpl.<init>(ConfigurationImpl.java:96) ~[hibernate-validator-5.2.4.Final.jar:5.2.4.Final]
	at org.hibernate.validator.HibernateValidator.createGenericConfiguration(HibernateValidator.java:31) ~[hibernate-validator-5.2.4.Final.jar:5.2.4.Final]
	at javax.validation.Validation$GenericBootstrapImpl.configure(Validation.java:276) ~[validation-api-1.1.0.Final.jar:na]
	at org.springframework.validation.beanvalidation.LocalValidatorFactoryBean.afterPropertiesSet(LocalValidatorFactoryBean.java:248) ~[spring-context-4.3.3.RELEASE.jar:4.3.3.RELEASE]
	at org.springframework.boot.context.properties.ConfigurationPropertiesBindingPostProcessor$LocalValidatorFactory.run(ConfigurationPropertiesBindingPostProcessor.java:452) ~[spring-boot-1.4.1.RELEASE.jar:1.4.1.RELEASE]
	at org.springframework.boot.context.properties.ConfigurationPropertiesBindingPostProcessor.getValidator(ConfigurationPropertiesBindingPostProcessor.java:386) ~[spring-boot-1.4.1.RELEASE.jar:1.4.1.RELEASE]
	at org.springframework.boot.context.properties.ConfigurationPropertiesBindingPostProcessor.determineValidator(ConfigurationPropertiesBindingPostProcessor.java:369) ~[spring-boot-1.4.1.RELEASE.jar:1.4.1.RELEASE]
	at org.springframework.boot.context.properties.ConfigurationPropertiesBindingPostProcessor.postProcessBeforeInitialization(ConfigurationPropertiesBindingPostProcessor.java:331) ~[spring-boot-1.4.1.RELEASE.jar:1.4.1.RELEASE]
	at org.springframework.boot.context.properties.ConfigurationPropertiesBindingPostProcessor.postProcessBeforeInitialization(ConfigurationPropertiesBindingPostProcessor.java:302) ~[spring-boot-1.4.1.RELEASE.jar:1.4.1.RELEASE]
	at org.springframework.beans.factory.support.AbstractAutowireCapableBeanFactory.applyBeanPostProcessorsBeforeInitialization(AbstractAutowireCapableBeanFactory.java:408) ~[spring-beans-4.3.3.RELEASE.jar:4.3.3.RELEASE]
	at org.springframework.beans.factory.support.AbstractAutowireCapableBeanFactory.initializeBean(AbstractAutowireCapableBeanFactory.java:1575) ~[spring-beans-4.3.3.RELEASE.jar:4.3.3.RELEASE]
	at org.springframework.beans.factory.support.AbstractAutowireCapableBeanFactory.doCreateBean(AbstractAutowireCapableBeanFactory.java:545) ~[spring-beans-4.3.3.RELEASE.jar:4.3.3.RELEASE]
	... 52 common frames omitted
Caused by: java.lang.ClassNotFoundException: javax.xml.bind.ValidationException
	at java.base/jdk.internal.loader.BuiltinClassLoader.loadClass(BuiltinClassLoader.java:581) ~[na:na]
	at java.base/jdk.internal.loader.ClassLoaders$AppClassLoader.loadClass(ClassLoaders.java:178) ~[na:na]
	at java.base/java.lang.ClassLoader.loadClass(ClassLoader.java:522) ~[na:na]
	... 74 common frames omitted

